ERROR - 2022-06-28 17:09:17 --> mysqli_sql_exception: Duplicate entry '1' for key 'PRIMARY' in C:\xampp\htdocs\independiente\recetario\system\Database\MySQLi\Connection.php:314
Stack trace:
#0 C:\xampp\htdocs\independiente\recetario\system\Database\MySQLi\Connection.php(314): mysqli->query('INSERT INTO `co...')
#1 C:\xampp\htdocs\independiente\recetario\system\Database\BaseConnection.php(713): CodeIgniter\Database\MySQLi\Connection->execute('INSERT INTO `co...')
#2 C:\xampp\htdocs\independiente\recetario\system\Database\BaseConnection.php(641): CodeIgniter\Database\BaseConnection->simpleQuery('INSERT INTO `co...')
#3 C:\xampp\htdocs\independiente\recetario\system\Database\BaseBuilder.php(2263): CodeIgniter\Database\BaseConnection->query('INSERT INTO `co...', Array, false)
#4 C:\xampp\htdocs\independiente\recetario\system\Model.php(278): CodeIgniter\Database\BaseBuilder->insert()
#5 C:\xampp\htdocs\independiente\recetario\system\BaseModel.php(758): CodeIgniter\Model->doInsert(Array)
#6 C:\xampp\htdocs\independiente\recetario\system\Model.php(705): CodeIgniter\BaseModel->insert(Array, true)
#7 C:\xampp\htdocs\independiente\recetario\app\Controllers\Home.php(52): CodeIgniter\Model->insert(Array)
#8 C:\xampp\htdocs\independiente\recetario\app\Controllers\Home.php(25): App\Controllers\Home->generarDatosPagina()
#9 C:\xampp\htdocs\independiente\recetario\system\CodeIgniter.php(936): App\Controllers\Home->index()
#10 C:\xampp\htdocs\independiente\recetario\system\CodeIgniter.php(432): CodeIgniter\CodeIgniter->runController(Object(App\Controllers\Home))
#11 C:\xampp\htdocs\independiente\recetario\system\CodeIgniter.php(333): CodeIgniter\CodeIgniter->handleRequest(NULL, Object(Config\Cache), false)
#12 C:\xampp\htdocs\independiente\recetario\index.php(44): CodeIgniter\CodeIgniter->run()
#13 {main}
CRITICAL - 2022-06-28 17:20:54 --> syntax error, unexpected '<'
#0 C:\xampp\htdocs\independiente\recetario\system\Autoloader\Autoloader.php(265): CodeIgniter\Autoloader\Autoloader->includeFile('C:\\xampp\\htdocs...')
#1 C:\xampp\htdocs\independiente\recetario\system\Autoloader\Autoloader.php(228): CodeIgniter\Autoloader\Autoloader->loadInNamespace('App\\Controllers...')
#2 [internal function]: CodeIgniter\Autoloader\Autoloader->loadClass('App\\Controllers...')
#3 [internal function]: spl_autoload_call('App\\Controllers...')
#4 C:\xampp\htdocs\independiente\recetario\system\CodeIgniter.php(893): class_exists('\\App\\Controller...', true)
#5 C:\xampp\htdocs\independiente\recetario\system\CodeIgniter.php(417): CodeIgniter\CodeIgniter->startController()
#6 C:\xampp\htdocs\independiente\recetario\system\CodeIgniter.php(333): CodeIgniter\CodeIgniter->handleRequest(NULL, Object(Config\Cache), false)
#7 C:\xampp\htdocs\independiente\recetario\index.php(44): CodeIgniter\CodeIgniter->run()
#8 {main}
CRITICAL - 2022-06-28 17:21:24 --> Class 'App\Models\GenerosProductoModel' not found
#0 C:\xampp\htdocs\independiente\recetario\system\View\View.php(220): include()
#1 C:\xampp\htdocs\independiente\recetario\system\View\View.php(222): CodeIgniter\View\View->CodeIgniter\View\{closure}()
#2 C:\xampp\htdocs\independiente\recetario\system\Common.php(1217): CodeIgniter\View\View->render('index', Array, true)
#3 C:\xampp\htdocs\independiente\recetario\app\Controllers\Home.php(31): view('index', Array)
#4 C:\xampp\htdocs\independiente\recetario\system\CodeIgniter.php(936): App\Controllers\Home->index()
#5 C:\xampp\htdocs\independiente\recetario\system\CodeIgniter.php(432): CodeIgniter\CodeIgniter->runController(Object(App\Controllers\Home))
#6 C:\xampp\htdocs\independiente\recetario\system\CodeIgniter.php(333): CodeIgniter\CodeIgniter->handleRequest(NULL, Object(Config\Cache), false)
#7 C:\xampp\htdocs\independiente\recetario\index.php(44): CodeIgniter\CodeIgniter->run()
#8 {main}
CRITICAL - 2022-06-28 17:21:25 --> Class 'App\Models\GenerosProductoModel' not found
#0 C:\xampp\htdocs\independiente\recetario\system\View\View.php(220): include()
#1 C:\xampp\htdocs\independiente\recetario\system\View\View.php(222): CodeIgniter\View\View->CodeIgniter\View\{closure}()
#2 C:\xampp\htdocs\independiente\recetario\system\Common.php(1217): CodeIgniter\View\View->render('index', Array, true)
#3 C:\xampp\htdocs\independiente\recetario\app\Controllers\Home.php(31): view('index', Array)
#4 C:\xampp\htdocs\independiente\recetario\system\CodeIgniter.php(936): App\Controllers\Home->index()
#5 C:\xampp\htdocs\independiente\recetario\system\CodeIgniter.php(432): CodeIgniter\CodeIgniter->runController(Object(App\Controllers\Home))
#6 C:\xampp\htdocs\independiente\recetario\system\CodeIgniter.php(333): CodeIgniter\CodeIgniter->handleRequest(NULL, Object(Config\Cache), false)
#7 C:\xampp\htdocs\independiente\recetario\index.php(44): CodeIgniter\CodeIgniter->run()
#8 {main}
CRITICAL - 2022-06-28 17:21:26 --> Class 'App\Models\GenerosProductoModel' not found
#0 C:\xampp\htdocs\independiente\recetario\system\View\View.php(220): include()
#1 C:\xampp\htdocs\independiente\recetario\system\View\View.php(222): CodeIgniter\View\View->CodeIgniter\View\{closure}()
#2 C:\xampp\htdocs\independiente\recetario\system\Common.php(1217): CodeIgniter\View\View->render('index', Array, true)
#3 C:\xampp\htdocs\independiente\recetario\app\Controllers\Home.php(31): view('index', Array)
#4 C:\xampp\htdocs\independiente\recetario\system\CodeIgniter.php(936): App\Controllers\Home->index()
#5 C:\xampp\htdocs\independiente\recetario\system\CodeIgniter.php(432): CodeIgniter\CodeIgniter->runController(Object(App\Controllers\Home))
#6 C:\xampp\htdocs\independiente\recetario\system\CodeIgniter.php(333): CodeIgniter\CodeIgniter->handleRequest(NULL, Object(Config\Cache), false)
#7 C:\xampp\htdocs\independiente\recetario\index.php(44): CodeIgniter\CodeIgniter->run()
#8 {main}
CRITICAL - 2022-06-28 17:21:26 --> Class 'App\Models\GenerosProductoModel' not found
#0 C:\xampp\htdocs\independiente\recetario\system\View\View.php(220): include()
#1 C:\xampp\htdocs\independiente\recetario\system\View\View.php(222): CodeIgniter\View\View->CodeIgniter\View\{closure}()
#2 C:\xampp\htdocs\independiente\recetario\system\Common.php(1217): CodeIgniter\View\View->render('index', Array, true)
#3 C:\xampp\htdocs\independiente\recetario\app\Controllers\Home.php(31): view('index', Array)
#4 C:\xampp\htdocs\independiente\recetario\system\CodeIgniter.php(936): App\Controllers\Home->index()
#5 C:\xampp\htdocs\independiente\recetario\system\CodeIgniter.php(432): CodeIgniter\CodeIgniter->runController(Object(App\Controllers\Home))
#6 C:\xampp\htdocs\independiente\recetario\system\CodeIgniter.php(333): CodeIgniter\CodeIgniter->handleRequest(NULL, Object(Config\Cache), false)
#7 C:\xampp\htdocs\independiente\recetario\index.php(44): CodeIgniter\CodeIgniter->run()
#8 {main}
CRITICAL - 2022-06-28 17:21:26 --> Class 'App\Models\GenerosProductoModel' not found
#0 C:\xampp\htdocs\independiente\recetario\system\View\View.php(220): include()
#1 C:\xampp\htdocs\independiente\recetario\system\View\View.php(222): CodeIgniter\View\View->CodeIgniter\View\{closure}()
#2 C:\xampp\htdocs\independiente\recetario\system\Common.php(1217): CodeIgniter\View\View->render('index', Array, true)
#3 C:\xampp\htdocs\independiente\recetario\app\Controllers\Home.php(31): view('index', Array)
#4 C:\xampp\htdocs\independiente\recetario\system\CodeIgniter.php(936): App\Controllers\Home->index()
#5 C:\xampp\htdocs\independiente\recetario\system\CodeIgniter.php(432): CodeIgniter\CodeIgniter->runController(Object(App\Controllers\Home))
#6 C:\xampp\htdocs\independiente\recetario\system\CodeIgniter.php(333): CodeIgniter\CodeIgniter->handleRequest(NULL, Object(Config\Cache), false)
#7 C:\xampp\htdocs\independiente\recetario\index.php(44): CodeIgniter\CodeIgniter->run()
#8 {main}
CRITICAL - 2022-06-28 17:55:26 --> Too few arguments to function App\Controllers\Home::cantidadFiltradoProductos(), 1 passed in C:\xampp\htdocs\independiente\recetario\app\Controllers\Home.php on line 52 and exactly 6 expected
#0 C:\xampp\htdocs\independiente\recetario\app\Controllers\Home.php(52): App\Controllers\Home->cantidadFiltradoProductos(NULL)
#1 C:\xampp\htdocs\independiente\recetario\system\CodeIgniter.php(936): App\Controllers\Home->filtrarRecetas()
#2 C:\xampp\htdocs\independiente\recetario\system\CodeIgniter.php(432): CodeIgniter\CodeIgniter->runController(Object(App\Controllers\Home))
#3 C:\xampp\htdocs\independiente\recetario\system\CodeIgniter.php(333): CodeIgniter\CodeIgniter->handleRequest(NULL, Object(Config\Cache), false)
#4 C:\xampp\htdocs\independiente\recetario\index.php(44): CodeIgniter\CodeIgniter->run()
#5 {main}
CRITICAL - 2022-06-28 17:56:00 --> Too few arguments to function App\Controllers\Home::cantidadFiltradoProductos(), 1 passed in C:\xampp\htdocs\independiente\recetario\app\Controllers\Home.php on line 52 and exactly 6 expected
#0 C:\xampp\htdocs\independiente\recetario\app\Controllers\Home.php(52): App\Controllers\Home->cantidadFiltradoProductos(NULL)
#1 C:\xampp\htdocs\independiente\recetario\system\CodeIgniter.php(936): App\Controllers\Home->filtrarRecetas()
#2 C:\xampp\htdocs\independiente\recetario\system\CodeIgniter.php(432): CodeIgniter\CodeIgniter->runController(Object(App\Controllers\Home))
#3 C:\xampp\htdocs\independiente\recetario\system\CodeIgniter.php(333): CodeIgniter\CodeIgniter->handleRequest(NULL, Object(Config\Cache), false)
#4 C:\xampp\htdocs\independiente\recetario\index.php(44): CodeIgniter\CodeIgniter->run()
#5 {main}
CRITICAL - 2022-06-28 17:56:06 --> Too few arguments to function App\Controllers\Home::cantidadFiltradoProductos(), 1 passed in C:\xampp\htdocs\independiente\recetario\app\Controllers\Home.php on line 52 and exactly 6 expected
#0 C:\xampp\htdocs\independiente\recetario\app\Controllers\Home.php(52): App\Controllers\Home->cantidadFiltradoProductos(NULL)
#1 C:\xampp\htdocs\independiente\recetario\system\CodeIgniter.php(936): App\Controllers\Home->filtrarRecetas()
#2 C:\xampp\htdocs\independiente\recetario\system\CodeIgniter.php(432): CodeIgniter\CodeIgniter->runController(Object(App\Controllers\Home))
#3 C:\xampp\htdocs\independiente\recetario\system\CodeIgniter.php(333): CodeIgniter\CodeIgniter->handleRequest(NULL, Object(Config\Cache), false)
#4 C:\xampp\htdocs\independiente\recetario\index.php(44): CodeIgniter\CodeIgniter->run()
#5 {main}
CRITICAL - 2022-06-28 17:56:18 --> Too few arguments to function App\Controllers\Home::cantidadFiltradoProductos(), 1 passed in C:\xampp\htdocs\independiente\recetario\app\Controllers\Home.php on line 52 and exactly 6 expected
#0 C:\xampp\htdocs\independiente\recetario\app\Controllers\Home.php(52): App\Controllers\Home->cantidadFiltradoProductos(NULL)
#1 C:\xampp\htdocs\independiente\recetario\system\CodeIgniter.php(936): App\Controllers\Home->filtrarRecetas()
#2 C:\xampp\htdocs\independiente\recetario\system\CodeIgniter.php(432): CodeIgniter\CodeIgniter->runController(Object(App\Controllers\Home))
#3 C:\xampp\htdocs\independiente\recetario\system\CodeIgniter.php(333): CodeIgniter\CodeIgniter->handleRequest(NULL, Object(Config\Cache), false)
#4 C:\xampp\htdocs\independiente\recetario\index.php(44): CodeIgniter\CodeIgniter->run()
#5 {main}
CRITICAL - 2022-06-28 18:04:11 --> Call to a member function orderBy() on null
#0 C:\xampp\htdocs\independiente\recetario\app\Controllers\Home.php(54): App\Controllers\Home->generarBotonesFiltroRecetas(NULL)
#1 C:\xampp\htdocs\independiente\recetario\system\CodeIgniter.php(936): App\Controllers\Home->filtrarRecetas()
#2 C:\xampp\htdocs\independiente\recetario\system\CodeIgniter.php(432): CodeIgniter\CodeIgniter->runController(Object(App\Controllers\Home))
#3 C:\xampp\htdocs\independiente\recetario\system\CodeIgniter.php(333): CodeIgniter\CodeIgniter->handleRequest(NULL, Object(Config\Cache), false)
#4 C:\xampp\htdocs\independiente\recetario\index.php(44): CodeIgniter\CodeIgniter->run()
#5 {main}
CRITICAL - 2022-06-28 18:04:48 --> Call to a member function orderBy() on null
#0 C:\xampp\htdocs\independiente\recetario\app\Controllers\Home.php(54): App\Controllers\Home->generarBotonesFiltroRecetas(NULL)
#1 C:\xampp\htdocs\independiente\recetario\system\CodeIgniter.php(936): App\Controllers\Home->filtrarRecetas()
#2 C:\xampp\htdocs\independiente\recetario\system\CodeIgniter.php(432): CodeIgniter\CodeIgniter->runController(Object(App\Controllers\Home))
#3 C:\xampp\htdocs\independiente\recetario\system\CodeIgniter.php(333): CodeIgniter\CodeIgniter->handleRequest(NULL, Object(Config\Cache), false)
#4 C:\xampp\htdocs\independiente\recetario\index.php(44): CodeIgniter\CodeIgniter->run()
#5 {main}
CRITICAL - 2022-06-28 18:51:56 --> Call to undefined method App\Controllers\Home::resultadoFiltroProductos()
#0 C:\xampp\htdocs\independiente\recetario\system\CodeIgniter.php(936): App\Controllers\Home->filtrarRecetas()
#1 C:\xampp\htdocs\independiente\recetario\system\CodeIgniter.php(432): CodeIgniter\CodeIgniter->runController(Object(App\Controllers\Home))
#2 C:\xampp\htdocs\independiente\recetario\system\CodeIgniter.php(333): CodeIgniter\CodeIgniter->handleRequest(NULL, Object(Config\Cache), false)
#3 C:\xampp\htdocs\independiente\recetario\index.php(44): CodeIgniter\CodeIgniter->run()
#4 {main}
CRITICAL - 2022-06-28 18:54:26 --> Call to undefined method App\Controllers\Home::resultadoFiltroProductos()
#0 C:\xampp\htdocs\independiente\recetario\system\CodeIgniter.php(936): App\Controllers\Home->filtrarRecetas()
#1 C:\xampp\htdocs\independiente\recetario\system\CodeIgniter.php(432): CodeIgniter\CodeIgniter->runController(Object(App\Controllers\Home))
#2 C:\xampp\htdocs\independiente\recetario\system\CodeIgniter.php(333): CodeIgniter\CodeIgniter->handleRequest(NULL, Object(Config\Cache), false)
#3 C:\xampp\htdocs\independiente\recetario\index.php(44): CodeIgniter\CodeIgniter->run()
#4 {main}
CRITICAL - 2022-06-28 18:57:21 --> Call to undefined method App\Controllers\Home::resultadoFiltroProductos()
#0 C:\xampp\htdocs\independiente\recetario\system\CodeIgniter.php(936): App\Controllers\Home->filtrarRecetas()
#1 C:\xampp\htdocs\independiente\recetario\system\CodeIgniter.php(432): CodeIgniter\CodeIgniter->runController(Object(App\Controllers\Home))
#2 C:\xampp\htdocs\independiente\recetario\system\CodeIgniter.php(333): CodeIgniter\CodeIgniter->handleRequest(NULL, Object(Config\Cache), false)
#3 C:\xampp\htdocs\independiente\recetario\index.php(44): CodeIgniter\CodeIgniter->run()
#4 {main}
CRITICAL - 2022-06-28 18:57:22 --> Call to undefined method App\Controllers\Home::resultadoFiltroProductos()
#0 C:\xampp\htdocs\independiente\recetario\system\CodeIgniter.php(936): App\Controllers\Home->filtrarRecetas()
#1 C:\xampp\htdocs\independiente\recetario\system\CodeIgniter.php(432): CodeIgniter\CodeIgniter->runController(Object(App\Controllers\Home))
#2 C:\xampp\htdocs\independiente\recetario\system\CodeIgniter.php(333): CodeIgniter\CodeIgniter->handleRequest(NULL, Object(Config\Cache), false)
#3 C:\xampp\htdocs\independiente\recetario\index.php(44): CodeIgniter\CodeIgniter->run()
#4 {main}
CRITICAL - 2022-06-28 18:57:22 --> Call to undefined method App\Controllers\Home::resultadoFiltroProductos()
#0 C:\xampp\htdocs\independiente\recetario\system\CodeIgniter.php(936): App\Controllers\Home->filtrarRecetas()
#1 C:\xampp\htdocs\independiente\recetario\system\CodeIgniter.php(432): CodeIgniter\CodeIgniter->runController(Object(App\Controllers\Home))
#2 C:\xampp\htdocs\independiente\recetario\system\CodeIgniter.php(333): CodeIgniter\CodeIgniter->handleRequest(NULL, Object(Config\Cache), false)
#3 C:\xampp\htdocs\independiente\recetario\index.php(44): CodeIgniter\CodeIgniter->run()
#4 {main}
CRITICAL - 2022-06-28 18:57:22 --> Call to undefined method App\Controllers\Home::resultadoFiltroProductos()
#0 C:\xampp\htdocs\independiente\recetario\system\CodeIgniter.php(936): App\Controllers\Home->filtrarRecetas()
#1 C:\xampp\htdocs\independiente\recetario\system\CodeIgniter.php(432): CodeIgniter\CodeIgniter->runController(Object(App\Controllers\Home))
#2 C:\xampp\htdocs\independiente\recetario\system\CodeIgniter.php(333): CodeIgniter\CodeIgniter->handleRequest(NULL, Object(Config\Cache), false)
#3 C:\xampp\htdocs\independiente\recetario\index.php(44): CodeIgniter\CodeIgniter->run()
#4 {main}
CRITICAL - 2022-06-28 18:57:23 --> Call to undefined method App\Controllers\Home::resultadoFiltroProductos()
#0 C:\xampp\htdocs\independiente\recetario\system\CodeIgniter.php(936): App\Controllers\Home->filtrarRecetas()
#1 C:\xampp\htdocs\independiente\recetario\system\CodeIgniter.php(432): CodeIgniter\CodeIgniter->runController(Object(App\Controllers\Home))
#2 C:\xampp\htdocs\independiente\recetario\system\CodeIgniter.php(333): CodeIgniter\CodeIgniter->handleRequest(NULL, Object(Config\Cache), false)
#3 C:\xampp\htdocs\independiente\recetario\index.php(44): CodeIgniter\CodeIgniter->run()
#4 {main}
CRITICAL - 2022-06-28 18:57:23 --> Call to undefined method App\Controllers\Home::resultadoFiltroProductos()
#0 C:\xampp\htdocs\independiente\recetario\system\CodeIgniter.php(936): App\Controllers\Home->filtrarRecetas()
#1 C:\xampp\htdocs\independiente\recetario\system\CodeIgniter.php(432): CodeIgniter\CodeIgniter->runController(Object(App\Controllers\Home))
#2 C:\xampp\htdocs\independiente\recetario\system\CodeIgniter.php(333): CodeIgniter\CodeIgniter->handleRequest(NULL, Object(Config\Cache), false)
#3 C:\xampp\htdocs\independiente\recetario\index.php(44): CodeIgniter\CodeIgniter->run()
#4 {main}
CRITICAL - 2022-06-28 18:57:23 --> Call to undefined method App\Controllers\Home::resultadoFiltroProductos()
#0 C:\xampp\htdocs\independiente\recetario\system\CodeIgniter.php(936): App\Controllers\Home->filtrarRecetas()
#1 C:\xampp\htdocs\independiente\recetario\system\CodeIgniter.php(432): CodeIgniter\CodeIgniter->runController(Object(App\Controllers\Home))
#2 C:\xampp\htdocs\independiente\recetario\system\CodeIgniter.php(333): CodeIgniter\CodeIgniter->handleRequest(NULL, Object(Config\Cache), false)
#3 C:\xampp\htdocs\independiente\recetario\index.php(44): CodeIgniter\CodeIgniter->run()
#4 {main}
CRITICAL - 2022-06-28 18:57:23 --> Call to undefined method App\Controllers\Home::resultadoFiltroProductos()
#0 C:\xampp\htdocs\independiente\recetario\system\CodeIgniter.php(936): App\Controllers\Home->filtrarRecetas()
#1 C:\xampp\htdocs\independiente\recetario\system\CodeIgniter.php(432): CodeIgniter\CodeIgniter->runController(Object(App\Controllers\Home))
#2 C:\xampp\htdocs\independiente\recetario\system\CodeIgniter.php(333): CodeIgniter\CodeIgniter->handleRequest(NULL, Object(Config\Cache), false)
#3 C:\xampp\htdocs\independiente\recetario\index.php(44): CodeIgniter\CodeIgniter->run()
#4 {main}
CRITICAL - 2022-06-28 18:57:23 --> Call to undefined method App\Controllers\Home::resultadoFiltroProductos()
#0 C:\xampp\htdocs\independiente\recetario\system\CodeIgniter.php(936): App\Controllers\Home->filtrarRecetas()
#1 C:\xampp\htdocs\independiente\recetario\system\CodeIgniter.php(432): CodeIgniter\CodeIgniter->runController(Object(App\Controllers\Home))
#2 C:\xampp\htdocs\independiente\recetario\system\CodeIgniter.php(333): CodeIgniter\CodeIgniter->handleRequest(NULL, Object(Config\Cache), false)
#3 C:\xampp\htdocs\independiente\recetario\index.php(44): CodeIgniter\CodeIgniter->run()
#4 {main}
CRITICAL - 2022-06-28 18:57:24 --> Call to undefined method App\Controllers\Home::resultadoFiltroProductos()
#0 C:\xampp\htdocs\independiente\recetario\system\CodeIgniter.php(936): App\Controllers\Home->filtrarRecetas()
#1 C:\xampp\htdocs\independiente\recetario\system\CodeIgniter.php(432): CodeIgniter\CodeIgniter->runController(Object(App\Controllers\Home))
#2 C:\xampp\htdocs\independiente\recetario\system\CodeIgniter.php(333): CodeIgniter\CodeIgniter->handleRequest(NULL, Object(Config\Cache), false)
#3 C:\xampp\htdocs\independiente\recetario\index.php(44): CodeIgniter\CodeIgniter->run()
#4 {main}
CRITICAL - 2022-06-28 18:57:24 --> Call to undefined method App\Controllers\Home::resultadoFiltroProductos()
#0 C:\xampp\htdocs\independiente\recetario\system\CodeIgniter.php(936): App\Controllers\Home->filtrarRecetas()
#1 C:\xampp\htdocs\independiente\recetario\system\CodeIgniter.php(432): CodeIgniter\CodeIgniter->runController(Object(App\Controllers\Home))
#2 C:\xampp\htdocs\independiente\recetario\system\CodeIgniter.php(333): CodeIgniter\CodeIgniter->handleRequest(NULL, Object(Config\Cache), false)
#3 C:\xampp\htdocs\independiente\recetario\index.php(44): CodeIgniter\CodeIgniter->run()
#4 {main}
CRITICAL - 2022-06-28 18:57:24 --> Call to undefined method App\Controllers\Home::resultadoFiltroProductos()
#0 C:\xampp\htdocs\independiente\recetario\system\CodeIgniter.php(936): App\Controllers\Home->filtrarRecetas()
#1 C:\xampp\htdocs\independiente\recetario\system\CodeIgniter.php(432): CodeIgniter\CodeIgniter->runController(Object(App\Controllers\Home))
#2 C:\xampp\htdocs\independiente\recetario\system\CodeIgniter.php(333): CodeIgniter\CodeIgniter->handleRequest(NULL, Object(Config\Cache), false)
#3 C:\xampp\htdocs\independiente\recetario\index.php(44): CodeIgniter\CodeIgniter->run()
#4 {main}
CRITICAL - 2022-06-28 18:58:00 --> Call to undefined method App\Controllers\Home::resultadoFiltroProductos()
#0 C:\xampp\htdocs\independiente\recetario\system\CodeIgniter.php(936): App\Controllers\Home->filtrarRecetas()
#1 C:\xampp\htdocs\independiente\recetario\system\CodeIgniter.php(432): CodeIgniter\CodeIgniter->runController(Object(App\Controllers\Home))
#2 C:\xampp\htdocs\independiente\recetario\system\CodeIgniter.php(333): CodeIgniter\CodeIgniter->handleRequest(NULL, Object(Config\Cache), false)
#3 C:\xampp\htdocs\independiente\recetario\index.php(44): CodeIgniter\CodeIgniter->run()
#4 {main}
CRITICAL - 2022-06-28 18:58:03 --> Call to undefined method App\Controllers\Home::resultadoFiltroProductos()
#0 C:\xampp\htdocs\independiente\recetario\system\CodeIgniter.php(936): App\Controllers\Home->filtrarRecetas()
#1 C:\xampp\htdocs\independiente\recetario\system\CodeIgniter.php(432): CodeIgniter\CodeIgniter->runController(Object(App\Controllers\Home))
#2 C:\xampp\htdocs\independiente\recetario\system\CodeIgniter.php(333): CodeIgniter\CodeIgniter->handleRequest(NULL, Object(Config\Cache), false)
#3 C:\xampp\htdocs\independiente\recetario\index.php(44): CodeIgniter\CodeIgniter->run()
#4 {main}
CRITICAL - 2022-06-28 19:34:20 --> Call to a member function where() on null
#0 C:\xampp\htdocs\independiente\recetario\system\CodeIgniter.php(936): App\Controllers\Home->receta('1')
#1 C:\xampp\htdocs\independiente\recetario\system\CodeIgniter.php(432): CodeIgniter\CodeIgniter->runController(Object(App\Controllers\Home))
#2 C:\xampp\htdocs\independiente\recetario\system\CodeIgniter.php(333): CodeIgniter\CodeIgniter->handleRequest(NULL, Object(Config\Cache), false)
#3 C:\xampp\htdocs\independiente\recetario\index.php(44): CodeIgniter\CodeIgniter->run()
#4 {main}
CRITICAL - 2022-06-28 19:34:42 --> Invalid file: receta.php
#0 C:\xampp\htdocs\independiente\recetario\system\View\View.php(203): CodeIgniter\Exceptions\FrameworkException::forInvalidFile('receta.php')
#1 C:\xampp\htdocs\independiente\recetario\system\Common.php(1217): CodeIgniter\View\View->render('receta', Array, true)
#2 C:\xampp\htdocs\independiente\recetario\app\Controllers\Home.php(191): view('receta', Array)
#3 C:\xampp\htdocs\independiente\recetario\system\CodeIgniter.php(936): App\Controllers\Home->receta(Array)
#4 C:\xampp\htdocs\independiente\recetario\system\CodeIgniter.php(432): CodeIgniter\CodeIgniter->runController(Object(App\Controllers\Home))
#5 C:\xampp\htdocs\independiente\recetario\system\CodeIgniter.php(333): CodeIgniter\CodeIgniter->handleRequest(NULL, Object(Config\Cache), false)
#6 C:\xampp\htdocs\independiente\recetario\index.php(44): CodeIgniter\CodeIgniter->run()
#7 {main}
CRITICAL - 2022-06-28 19:34:43 --> Invalid file: receta.php
#0 C:\xampp\htdocs\independiente\recetario\system\View\View.php(203): CodeIgniter\Exceptions\FrameworkException::forInvalidFile('receta.php')
#1 C:\xampp\htdocs\independiente\recetario\system\Common.php(1217): CodeIgniter\View\View->render('receta', Array, true)
#2 C:\xampp\htdocs\independiente\recetario\app\Controllers\Home.php(191): view('receta', Array)
#3 C:\xampp\htdocs\independiente\recetario\system\CodeIgniter.php(936): App\Controllers\Home->receta(Array)
#4 C:\xampp\htdocs\independiente\recetario\system\CodeIgniter.php(432): CodeIgniter\CodeIgniter->runController(Object(App\Controllers\Home))
#5 C:\xampp\htdocs\independiente\recetario\system\CodeIgniter.php(333): CodeIgniter\CodeIgniter->handleRequest(NULL, Object(Config\Cache), false)
#6 C:\xampp\htdocs\independiente\recetario\index.php(44): CodeIgniter\CodeIgniter->run()
#7 {main}
CRITICAL - 2022-06-28 19:34:44 --> Invalid file: receta.php
#0 C:\xampp\htdocs\independiente\recetario\system\View\View.php(203): CodeIgniter\Exceptions\FrameworkException::forInvalidFile('receta.php')
#1 C:\xampp\htdocs\independiente\recetario\system\Common.php(1217): CodeIgniter\View\View->render('receta', Array, true)
#2 C:\xampp\htdocs\independiente\recetario\app\Controllers\Home.php(191): view('receta', Array)
#3 C:\xampp\htdocs\independiente\recetario\system\CodeIgniter.php(936): App\Controllers\Home->receta(Array)
#4 C:\xampp\htdocs\independiente\recetario\system\CodeIgniter.php(432): CodeIgniter\CodeIgniter->runController(Object(App\Controllers\Home))
#5 C:\xampp\htdocs\independiente\recetario\system\CodeIgniter.php(333): CodeIgniter\CodeIgniter->handleRequest(NULL, Object(Config\Cache), false)
#6 C:\xampp\htdocs\independiente\recetario\index.php(44): CodeIgniter\CodeIgniter->run()
#7 {main}
CRITICAL - 2022-06-28 19:34:44 --> Invalid file: receta.php
#0 C:\xampp\htdocs\independiente\recetario\system\View\View.php(203): CodeIgniter\Exceptions\FrameworkException::forInvalidFile('receta.php')
#1 C:\xampp\htdocs\independiente\recetario\system\Common.php(1217): CodeIgniter\View\View->render('receta', Array, true)
#2 C:\xampp\htdocs\independiente\recetario\app\Controllers\Home.php(191): view('receta', Array)
#3 C:\xampp\htdocs\independiente\recetario\system\CodeIgniter.php(936): App\Controllers\Home->receta(Array)
#4 C:\xampp\htdocs\independiente\recetario\system\CodeIgniter.php(432): CodeIgniter\CodeIgniter->runController(Object(App\Controllers\Home))
#5 C:\xampp\htdocs\independiente\recetario\system\CodeIgniter.php(333): CodeIgniter\CodeIgniter->handleRequest(NULL, Object(Config\Cache), false)
#6 C:\xampp\htdocs\independiente\recetario\index.php(44): CodeIgniter\CodeIgniter->run()
#7 {main}
CRITICAL - 2022-06-28 19:34:44 --> Invalid file: receta.php
#0 C:\xampp\htdocs\independiente\recetario\system\View\View.php(203): CodeIgniter\Exceptions\FrameworkException::forInvalidFile('receta.php')
#1 C:\xampp\htdocs\independiente\recetario\system\Common.php(1217): CodeIgniter\View\View->render('receta', Array, true)
#2 C:\xampp\htdocs\independiente\recetario\app\Controllers\Home.php(191): view('receta', Array)
#3 C:\xampp\htdocs\independiente\recetario\system\CodeIgniter.php(936): App\Controllers\Home->receta(Array)
#4 C:\xampp\htdocs\independiente\recetario\system\CodeIgniter.php(432): CodeIgniter\CodeIgniter->runController(Object(App\Controllers\Home))
#5 C:\xampp\htdocs\independiente\recetario\system\CodeIgniter.php(333): CodeIgniter\CodeIgniter->handleRequest(NULL, Object(Config\Cache), false)
#6 C:\xampp\htdocs\independiente\recetario\index.php(44): CodeIgniter\CodeIgniter->run()
#7 {main}
CRITICAL - 2022-06-28 19:48:20 --> syntax error, unexpected '}'
#0 C:\xampp\htdocs\independiente\recetario\system\View\View.php(222): CodeIgniter\View\View->CodeIgniter\View\{closure}()
#1 C:\xampp\htdocs\independiente\recetario\system\Common.php(1217): CodeIgniter\View\View->render('receta', Array, true)
#2 C:\xampp\htdocs\independiente\recetario\app\Controllers\Home.php(199): view('receta', Array)
#3 C:\xampp\htdocs\independiente\recetario\system\CodeIgniter.php(936): App\Controllers\Home->receta(Array)
#4 C:\xampp\htdocs\independiente\recetario\system\CodeIgniter.php(432): CodeIgniter\CodeIgniter->runController(Object(App\Controllers\Home))
#5 C:\xampp\htdocs\independiente\recetario\system\CodeIgniter.php(333): CodeIgniter\CodeIgniter->handleRequest(NULL, Object(Config\Cache), false)
#6 C:\xampp\htdocs\independiente\recetario\index.php(44): CodeIgniter\CodeIgniter->run()
#7 {main}
