ERROR - 2022-05-06 14:56:07 --> mysqli_sql_exception: Duplicate entry 'oqei9r9q887854k0g22-2' for key 'PRIMARY' in C:\xampp\htdocs\independiente\gameshops4\system\Database\MySQLi\Connection.php:314
Stack trace:
#0 C:\xampp\htdocs\independiente\gameshops4\system\Database\MySQLi\Connection.php(314): mysqli->query('INSERT INTO `ca...')
#1 C:\xampp\htdocs\independiente\gameshops4\system\Database\BaseConnection.php(713): CodeIgniter\Database\MySQLi\Connection->execute('INSERT INTO `ca...')
#2 C:\xampp\htdocs\independiente\gameshops4\system\Database\BaseConnection.php(641): CodeIgniter\Database\BaseConnection->simpleQuery('INSERT INTO `ca...')
#3 C:\xampp\htdocs\independiente\gameshops4\system\Database\BaseBuilder.php(2263): CodeIgniter\Database\BaseConnection->query('INSERT INTO `ca...', Array, false)
#4 C:\xampp\htdocs\independiente\gameshops4\system\Model.php(278): CodeIgniter\Database\BaseBuilder->insert()
#5 C:\xampp\htdocs\independiente\gameshops4\system\BaseModel.php(758): CodeIgniter\Model->doInsert(Array)
#6 C:\xampp\htdocs\independiente\gameshops4\system\Model.php(705): CodeIgniter\BaseModel->insert(Array, true)
#7 C:\xampp\htdocs\independiente\gameshops4\app\Controllers\Catalogo.php(233): CodeIgniter\Model->insert(Array)
#8 C:\xampp\htdocs\independiente\gameshops4\system\CodeIgniter.php(936): App\Controllers\Catalogo->agregarCarrito()
#9 C:\xampp\htdocs\independiente\gameshops4\system\CodeIgniter.php(432): CodeIgniter\CodeIgniter->runController(Object(App\Controllers\Catalogo))
#10 C:\xampp\htdocs\independiente\gameshops4\system\CodeIgniter.php(333): CodeIgniter\CodeIgniter->handleRequest(NULL, Object(Config\Cache), false)
#11 C:\xampp\htdocs\independiente\gameshops4\index.php(44): CodeIgniter\CodeIgniter->run()
#12 {main}
ERROR - 2022-05-06 14:56:11 --> mysqli_sql_exception: Duplicate entry 'oqei9r9q887854k0g22-2' for key 'PRIMARY' in C:\xampp\htdocs\independiente\gameshops4\system\Database\MySQLi\Connection.php:314
Stack trace:
#0 C:\xampp\htdocs\independiente\gameshops4\system\Database\MySQLi\Connection.php(314): mysqli->query('INSERT INTO `ca...')
#1 C:\xampp\htdocs\independiente\gameshops4\system\Database\BaseConnection.php(713): CodeIgniter\Database\MySQLi\Connection->execute('INSERT INTO `ca...')
#2 C:\xampp\htdocs\independiente\gameshops4\system\Database\BaseConnection.php(641): CodeIgniter\Database\BaseConnection->simpleQuery('INSERT INTO `ca...')
#3 C:\xampp\htdocs\independiente\gameshops4\system\Database\BaseBuilder.php(2263): CodeIgniter\Database\BaseConnection->query('INSERT INTO `ca...', Array, false)
#4 C:\xampp\htdocs\independiente\gameshops4\system\Model.php(278): CodeIgniter\Database\BaseBuilder->insert()
#5 C:\xampp\htdocs\independiente\gameshops4\system\BaseModel.php(758): CodeIgniter\Model->doInsert(Array)
#6 C:\xampp\htdocs\independiente\gameshops4\system\Model.php(705): CodeIgniter\BaseModel->insert(Array, true)
#7 C:\xampp\htdocs\independiente\gameshops4\app\Controllers\Catalogo.php(233): CodeIgniter\Model->insert(Array)
#8 C:\xampp\htdocs\independiente\gameshops4\system\CodeIgniter.php(936): App\Controllers\Catalogo->agregarCarrito()
#9 C:\xampp\htdocs\independiente\gameshops4\system\CodeIgniter.php(432): CodeIgniter\CodeIgniter->runController(Object(App\Controllers\Catalogo))
#10 C:\xampp\htdocs\independiente\gameshops4\system\CodeIgniter.php(333): CodeIgniter\CodeIgniter->handleRequest(NULL, Object(Config\Cache), false)
#11 C:\xampp\htdocs\independiente\gameshops4\index.php(44): CodeIgniter\CodeIgniter->run()
#12 {main}
ERROR - 2022-05-06 14:56:12 --> mysqli_sql_exception: Duplicate entry 'oqei9r9q887854k0g22-2' for key 'PRIMARY' in C:\xampp\htdocs\independiente\gameshops4\system\Database\MySQLi\Connection.php:314
Stack trace:
#0 C:\xampp\htdocs\independiente\gameshops4\system\Database\MySQLi\Connection.php(314): mysqli->query('INSERT INTO `ca...')
#1 C:\xampp\htdocs\independiente\gameshops4\system\Database\BaseConnection.php(713): CodeIgniter\Database\MySQLi\Connection->execute('INSERT INTO `ca...')
#2 C:\xampp\htdocs\independiente\gameshops4\system\Database\BaseConnection.php(641): CodeIgniter\Database\BaseConnection->simpleQuery('INSERT INTO `ca...')
#3 C:\xampp\htdocs\independiente\gameshops4\system\Database\BaseBuilder.php(2263): CodeIgniter\Database\BaseConnection->query('INSERT INTO `ca...', Array, false)
#4 C:\xampp\htdocs\independiente\gameshops4\system\Model.php(278): CodeIgniter\Database\BaseBuilder->insert()
#5 C:\xampp\htdocs\independiente\gameshops4\system\BaseModel.php(758): CodeIgniter\Model->doInsert(Array)
#6 C:\xampp\htdocs\independiente\gameshops4\system\Model.php(705): CodeIgniter\BaseModel->insert(Array, true)
#7 C:\xampp\htdocs\independiente\gameshops4\app\Controllers\Catalogo.php(233): CodeIgniter\Model->insert(Array)
#8 C:\xampp\htdocs\independiente\gameshops4\system\CodeIgniter.php(936): App\Controllers\Catalogo->agregarCarrito()
#9 C:\xampp\htdocs\independiente\gameshops4\system\CodeIgniter.php(432): CodeIgniter\CodeIgniter->runController(Object(App\Controllers\Catalogo))
#10 C:\xampp\htdocs\independiente\gameshops4\system\CodeIgniter.php(333): CodeIgniter\CodeIgniter->handleRequest(NULL, Object(Config\Cache), false)
#11 C:\xampp\htdocs\independiente\gameshops4\index.php(44): CodeIgniter\CodeIgniter->run()
#12 {main}
ERROR - 2022-05-06 14:56:12 --> mysqli_sql_exception: Duplicate entry 'oqei9r9q887854k0g22-2' for key 'PRIMARY' in C:\xampp\htdocs\independiente\gameshops4\system\Database\MySQLi\Connection.php:314
Stack trace:
#0 C:\xampp\htdocs\independiente\gameshops4\system\Database\MySQLi\Connection.php(314): mysqli->query('INSERT INTO `ca...')
#1 C:\xampp\htdocs\independiente\gameshops4\system\Database\BaseConnection.php(713): CodeIgniter\Database\MySQLi\Connection->execute('INSERT INTO `ca...')
#2 C:\xampp\htdocs\independiente\gameshops4\system\Database\BaseConnection.php(641): CodeIgniter\Database\BaseConnection->simpleQuery('INSERT INTO `ca...')
#3 C:\xampp\htdocs\independiente\gameshops4\system\Database\BaseBuilder.php(2263): CodeIgniter\Database\BaseConnection->query('INSERT INTO `ca...', Array, false)
#4 C:\xampp\htdocs\independiente\gameshops4\system\Model.php(278): CodeIgniter\Database\BaseBuilder->insert()
#5 C:\xampp\htdocs\independiente\gameshops4\system\BaseModel.php(758): CodeIgniter\Model->doInsert(Array)
#6 C:\xampp\htdocs\independiente\gameshops4\system\Model.php(705): CodeIgniter\BaseModel->insert(Array, true)
#7 C:\xampp\htdocs\independiente\gameshops4\app\Controllers\Catalogo.php(233): CodeIgniter\Model->insert(Array)
#8 C:\xampp\htdocs\independiente\gameshops4\system\CodeIgniter.php(936): App\Controllers\Catalogo->agregarCarrito()
#9 C:\xampp\htdocs\independiente\gameshops4\system\CodeIgniter.php(432): CodeIgniter\CodeIgniter->runController(Object(App\Controllers\Catalogo))
#10 C:\xampp\htdocs\independiente\gameshops4\system\CodeIgniter.php(333): CodeIgniter\CodeIgniter->handleRequest(NULL, Object(Config\Cache), false)
#11 C:\xampp\htdocs\independiente\gameshops4\index.php(44): CodeIgniter\CodeIgniter->run()
#12 {main}
ERROR - 2022-05-06 14:56:12 --> mysqli_sql_exception: Duplicate entry 'oqei9r9q887854k0g22-2' for key 'PRIMARY' in C:\xampp\htdocs\independiente\gameshops4\system\Database\MySQLi\Connection.php:314
Stack trace:
#0 C:\xampp\htdocs\independiente\gameshops4\system\Database\MySQLi\Connection.php(314): mysqli->query('INSERT INTO `ca...')
#1 C:\xampp\htdocs\independiente\gameshops4\system\Database\BaseConnection.php(713): CodeIgniter\Database\MySQLi\Connection->execute('INSERT INTO `ca...')
#2 C:\xampp\htdocs\independiente\gameshops4\system\Database\BaseConnection.php(641): CodeIgniter\Database\BaseConnection->simpleQuery('INSERT INTO `ca...')
#3 C:\xampp\htdocs\independiente\gameshops4\system\Database\BaseBuilder.php(2263): CodeIgniter\Database\BaseConnection->query('INSERT INTO `ca...', Array, false)
#4 C:\xampp\htdocs\independiente\gameshops4\system\Model.php(278): CodeIgniter\Database\BaseBuilder->insert()
#5 C:\xampp\htdocs\independiente\gameshops4\system\BaseModel.php(758): CodeIgniter\Model->doInsert(Array)
#6 C:\xampp\htdocs\independiente\gameshops4\system\Model.php(705): CodeIgniter\BaseModel->insert(Array, true)
#7 C:\xampp\htdocs\independiente\gameshops4\app\Controllers\Catalogo.php(233): CodeIgniter\Model->insert(Array)
#8 C:\xampp\htdocs\independiente\gameshops4\system\CodeIgniter.php(936): App\Controllers\Catalogo->agregarCarrito()
#9 C:\xampp\htdocs\independiente\gameshops4\system\CodeIgniter.php(432): CodeIgniter\CodeIgniter->runController(Object(App\Controllers\Catalogo))
#10 C:\xampp\htdocs\independiente\gameshops4\system\CodeIgniter.php(333): CodeIgniter\CodeIgniter->handleRequest(NULL, Object(Config\Cache), false)
#11 C:\xampp\htdocs\independiente\gameshops4\index.php(44): CodeIgniter\CodeIgniter->run()
#12 {main}
ERROR - 2022-05-06 14:57:13 --> mysqli_sql_exception: Duplicate entry 'oqei9r9q887854k0g22-2' for key 'PRIMARY' in C:\xampp\htdocs\independiente\gameshops4\system\Database\MySQLi\Connection.php:314
Stack trace:
#0 C:\xampp\htdocs\independiente\gameshops4\system\Database\MySQLi\Connection.php(314): mysqli->query('INSERT INTO `ca...')
#1 C:\xampp\htdocs\independiente\gameshops4\system\Database\BaseConnection.php(713): CodeIgniter\Database\MySQLi\Connection->execute('INSERT INTO `ca...')
#2 C:\xampp\htdocs\independiente\gameshops4\system\Database\BaseConnection.php(641): CodeIgniter\Database\BaseConnection->simpleQuery('INSERT INTO `ca...')
#3 C:\xampp\htdocs\independiente\gameshops4\system\Database\BaseBuilder.php(2263): CodeIgniter\Database\BaseConnection->query('INSERT INTO `ca...', Array, false)
#4 C:\xampp\htdocs\independiente\gameshops4\system\Model.php(278): CodeIgniter\Database\BaseBuilder->insert()
#5 C:\xampp\htdocs\independiente\gameshops4\system\BaseModel.php(758): CodeIgniter\Model->doInsert(Array)
#6 C:\xampp\htdocs\independiente\gameshops4\system\Model.php(705): CodeIgniter\BaseModel->insert(Array, true)
#7 C:\xampp\htdocs\independiente\gameshops4\app\Controllers\Catalogo.php(233): CodeIgniter\Model->insert(Array)
#8 C:\xampp\htdocs\independiente\gameshops4\system\CodeIgniter.php(936): App\Controllers\Catalogo->agregarCarrito()
#9 C:\xampp\htdocs\independiente\gameshops4\system\CodeIgniter.php(432): CodeIgniter\CodeIgniter->runController(Object(App\Controllers\Catalogo))
#10 C:\xampp\htdocs\independiente\gameshops4\system\CodeIgniter.php(333): CodeIgniter\CodeIgniter->handleRequest(NULL, Object(Config\Cache), false)
#11 C:\xampp\htdocs\independiente\gameshops4\index.php(44): CodeIgniter\CodeIgniter->run()
#12 {main}
