CRITICAL - 2022-04-25 09:54:29 --> Invalid argument supplied for foreach()
#0 C:\xampp\htdocs\independiente\gameshops4\app\Views\plantilla\index.php(53): CodeIgniter\Debug\Exceptions->errorHandler(2, 'Invalid argumen...', 'C:\\xampp\\htdocs...', 53, Array)
#1 C:\xampp\htdocs\independiente\gameshops4\system\View\View.php(220): include('C:\\xampp\\htdocs...')
#2 C:\xampp\htdocs\independiente\gameshops4\system\View\View.php(222): CodeIgniter\View\View->CodeIgniter\View\{closure}()
#3 C:\xampp\htdocs\independiente\gameshops4\system\View\View.php(236): CodeIgniter\View\View->render('plantilla/index', Array, true)
#4 C:\xampp\htdocs\independiente\gameshops4\system\View\View.php(236): CodeIgniter\View\View->render('plantilla/admin...', Array, true)
#5 C:\xampp\htdocs\independiente\gameshops4\system\Common.php(1217): CodeIgniter\View\View->render('administracion/...', Array, true)
#6 C:\xampp\htdocs\independiente\gameshops4\app\Controllers\Plataforma.php(47): view('administracion/...', Array)
#7 C:\xampp\htdocs\independiente\gameshops4\system\CodeIgniter.php(936): App\Controllers\Plataforma->index()
#8 C:\xampp\htdocs\independiente\gameshops4\system\CodeIgniter.php(432): CodeIgniter\CodeIgniter->runController(Object(App\Controllers\Plataforma))
#9 C:\xampp\htdocs\independiente\gameshops4\system\CodeIgniter.php(333): CodeIgniter\CodeIgniter->handleRequest(NULL, Object(Config\Cache), false)
#10 C:\xampp\htdocs\independiente\gameshops4\index.php(44): CodeIgniter\CodeIgniter->run()
#11 {main}
CRITICAL - 2022-04-25 09:54:38 --> Invalid argument supplied for foreach()
#0 C:\xampp\htdocs\independiente\gameshops4\app\Views\plantilla\index.php(53): CodeIgniter\Debug\Exceptions->errorHandler(2, 'Invalid argumen...', 'C:\\xampp\\htdocs...', 53, Array)
#1 C:\xampp\htdocs\independiente\gameshops4\system\View\View.php(220): include('C:\\xampp\\htdocs...')
#2 C:\xampp\htdocs\independiente\gameshops4\system\View\View.php(222): CodeIgniter\View\View->CodeIgniter\View\{closure}()
#3 C:\xampp\htdocs\independiente\gameshops4\system\View\View.php(236): CodeIgniter\View\View->render('plantilla/index', Array, true)
#4 C:\xampp\htdocs\independiente\gameshops4\system\View\View.php(236): CodeIgniter\View\View->render('plantilla/admin...', Array, true)
#5 C:\xampp\htdocs\independiente\gameshops4\system\Common.php(1217): CodeIgniter\View\View->render('administracion/...', Array, true)
#6 C:\xampp\htdocs\independiente\gameshops4\app\Controllers\Plataforma.php(48): view('administracion/...', Array)
#7 C:\xampp\htdocs\independiente\gameshops4\system\CodeIgniter.php(936): App\Controllers\Plataforma->index()
#8 C:\xampp\htdocs\independiente\gameshops4\system\CodeIgniter.php(432): CodeIgniter\CodeIgniter->runController(Object(App\Controllers\Plataforma))
#9 C:\xampp\htdocs\independiente\gameshops4\system\CodeIgniter.php(333): CodeIgniter\CodeIgniter->handleRequest(NULL, Object(Config\Cache), false)
#10 C:\xampp\htdocs\independiente\gameshops4\index.php(44): CodeIgniter\CodeIgniter->run()
#11 {main}
CRITICAL - 2022-04-25 09:54:41 --> Invalid argument supplied for foreach()
#0 C:\xampp\htdocs\independiente\gameshops4\app\Views\plantilla\index.php(53): CodeIgniter\Debug\Exceptions->errorHandler(2, 'Invalid argumen...', 'C:\\xampp\\htdocs...', 53, Array)
#1 C:\xampp\htdocs\independiente\gameshops4\system\View\View.php(220): include('C:\\xampp\\htdocs...')
#2 C:\xampp\htdocs\independiente\gameshops4\system\View\View.php(222): CodeIgniter\View\View->CodeIgniter\View\{closure}()
#3 C:\xampp\htdocs\independiente\gameshops4\system\View\View.php(236): CodeIgniter\View\View->render('plantilla/index', Array, true)
#4 C:\xampp\htdocs\independiente\gameshops4\system\View\View.php(236): CodeIgniter\View\View->render('plantilla/admin...', Array, true)
#5 C:\xampp\htdocs\independiente\gameshops4\system\Common.php(1217): CodeIgniter\View\View->render('administracion/...', Array, true)
#6 C:\xampp\htdocs\independiente\gameshops4\app\Controllers\Plataforma.php(47): view('administracion/...', Array)
#7 C:\xampp\htdocs\independiente\gameshops4\system\CodeIgniter.php(936): App\Controllers\Plataforma->index()
#8 C:\xampp\htdocs\independiente\gameshops4\system\CodeIgniter.php(432): CodeIgniter\CodeIgniter->runController(Object(App\Controllers\Plataforma))
#9 C:\xampp\htdocs\independiente\gameshops4\system\CodeIgniter.php(333): CodeIgniter\CodeIgniter->handleRequest(NULL, Object(Config\Cache), false)
#10 C:\xampp\htdocs\independiente\gameshops4\index.php(44): CodeIgniter\CodeIgniter->run()
#11 {main}
CRITICAL - 2022-04-25 09:54:43 --> Invalid argument supplied for foreach()
#0 C:\xampp\htdocs\independiente\gameshops4\app\Views\plantilla\index.php(53): CodeIgniter\Debug\Exceptions->errorHandler(2, 'Invalid argumen...', 'C:\\xampp\\htdocs...', 53, Array)
#1 C:\xampp\htdocs\independiente\gameshops4\system\View\View.php(220): include('C:\\xampp\\htdocs...')
#2 C:\xampp\htdocs\independiente\gameshops4\system\View\View.php(222): CodeIgniter\View\View->CodeIgniter\View\{closure}()
#3 C:\xampp\htdocs\independiente\gameshops4\system\View\View.php(236): CodeIgniter\View\View->render('plantilla/index', Array, true)
#4 C:\xampp\htdocs\independiente\gameshops4\system\View\View.php(236): CodeIgniter\View\View->render('plantilla/admin...', Array, true)
#5 C:\xampp\htdocs\independiente\gameshops4\system\Common.php(1217): CodeIgniter\View\View->render('administracion/...', Array, true)
#6 C:\xampp\htdocs\independiente\gameshops4\app\Controllers\Plataforma.php(48): view('administracion/...', Array)
#7 C:\xampp\htdocs\independiente\gameshops4\system\CodeIgniter.php(936): App\Controllers\Plataforma->index()
#8 C:\xampp\htdocs\independiente\gameshops4\system\CodeIgniter.php(432): CodeIgniter\CodeIgniter->runController(Object(App\Controllers\Plataforma))
#9 C:\xampp\htdocs\independiente\gameshops4\system\CodeIgniter.php(333): CodeIgniter\CodeIgniter->handleRequest(NULL, Object(Config\Cache), false)
#10 C:\xampp\htdocs\independiente\gameshops4\index.php(44): CodeIgniter\CodeIgniter->run()
#11 {main}
CRITICAL - 2022-04-25 09:54:45 --> Invalid argument supplied for foreach()
#0 C:\xampp\htdocs\independiente\gameshops4\app\Views\plantilla\index.php(53): CodeIgniter\Debug\Exceptions->errorHandler(2, 'Invalid argumen...', 'C:\\xampp\\htdocs...', 53, Array)
#1 C:\xampp\htdocs\independiente\gameshops4\system\View\View.php(220): include('C:\\xampp\\htdocs...')
#2 C:\xampp\htdocs\independiente\gameshops4\system\View\View.php(222): CodeIgniter\View\View->CodeIgniter\View\{closure}()
#3 C:\xampp\htdocs\independiente\gameshops4\system\View\View.php(236): CodeIgniter\View\View->render('plantilla/index', Array, true)
#4 C:\xampp\htdocs\independiente\gameshops4\system\View\View.php(236): CodeIgniter\View\View->render('plantilla/admin...', Array, true)
#5 C:\xampp\htdocs\independiente\gameshops4\system\Common.php(1217): CodeIgniter\View\View->render('administracion/...', Array, true)
#6 C:\xampp\htdocs\independiente\gameshops4\app\Controllers\Plataforma.php(48): view('administracion/...', Array)
#7 C:\xampp\htdocs\independiente\gameshops4\system\CodeIgniter.php(936): App\Controllers\Plataforma->index()
#8 C:\xampp\htdocs\independiente\gameshops4\system\CodeIgniter.php(432): CodeIgniter\CodeIgniter->runController(Object(App\Controllers\Plataforma))
#9 C:\xampp\htdocs\independiente\gameshops4\system\CodeIgniter.php(333): CodeIgniter\CodeIgniter->handleRequest(NULL, Object(Config\Cache), false)
#10 C:\xampp\htdocs\independiente\gameshops4\index.php(44): CodeIgniter\CodeIgniter->run()
#11 {main}
CRITICAL - 2022-04-25 09:54:45 --> Invalid argument supplied for foreach()
#0 C:\xampp\htdocs\independiente\gameshops4\app\Views\plantilla\index.php(53): CodeIgniter\Debug\Exceptions->errorHandler(2, 'Invalid argumen...', 'C:\\xampp\\htdocs...', 53, Array)
#1 C:\xampp\htdocs\independiente\gameshops4\system\View\View.php(220): include('C:\\xampp\\htdocs...')
#2 C:\xampp\htdocs\independiente\gameshops4\system\View\View.php(222): CodeIgniter\View\View->CodeIgniter\View\{closure}()
#3 C:\xampp\htdocs\independiente\gameshops4\system\View\View.php(236): CodeIgniter\View\View->render('plantilla/index', Array, true)
#4 C:\xampp\htdocs\independiente\gameshops4\system\View\View.php(236): CodeIgniter\View\View->render('plantilla/admin...', Array, true)
#5 C:\xampp\htdocs\independiente\gameshops4\system\Common.php(1217): CodeIgniter\View\View->render('administracion/...', Array, true)
#6 C:\xampp\htdocs\independiente\gameshops4\app\Controllers\Plataforma.php(48): view('administracion/...', Array)
#7 C:\xampp\htdocs\independiente\gameshops4\system\CodeIgniter.php(936): App\Controllers\Plataforma->index()
#8 C:\xampp\htdocs\independiente\gameshops4\system\CodeIgniter.php(432): CodeIgniter\CodeIgniter->runController(Object(App\Controllers\Plataforma))
#9 C:\xampp\htdocs\independiente\gameshops4\system\CodeIgniter.php(333): CodeIgniter\CodeIgniter->handleRequest(NULL, Object(Config\Cache), false)
#10 C:\xampp\htdocs\independiente\gameshops4\index.php(44): CodeIgniter\CodeIgniter->run()
#11 {main}
CRITICAL - 2022-04-25 09:54:54 --> Invalid argument supplied for foreach()
#0 C:\xampp\htdocs\independiente\gameshops4\app\Views\plantilla\index.php(53): CodeIgniter\Debug\Exceptions->errorHandler(2, 'Invalid argumen...', 'C:\\xampp\\htdocs...', 53, Array)
#1 C:\xampp\htdocs\independiente\gameshops4\system\View\View.php(220): include('C:\\xampp\\htdocs...')
#2 C:\xampp\htdocs\independiente\gameshops4\system\View\View.php(222): CodeIgniter\View\View->CodeIgniter\View\{closure}()
#3 C:\xampp\htdocs\independiente\gameshops4\system\View\View.php(236): CodeIgniter\View\View->render('plantilla/index', Array, true)
#4 C:\xampp\htdocs\independiente\gameshops4\system\View\View.php(236): CodeIgniter\View\View->render('plantilla/admin...', Array, true)
#5 C:\xampp\htdocs\independiente\gameshops4\system\Common.php(1217): CodeIgniter\View\View->render('administracion/...', Array, true)
#6 C:\xampp\htdocs\independiente\gameshops4\app\Controllers\Plataforma.php(47): view('administracion/...', Array)
#7 C:\xampp\htdocs\independiente\gameshops4\system\CodeIgniter.php(936): App\Controllers\Plataforma->index()
#8 C:\xampp\htdocs\independiente\gameshops4\system\CodeIgniter.php(432): CodeIgniter\CodeIgniter->runController(Object(App\Controllers\Plataforma))
#9 C:\xampp\htdocs\independiente\gameshops4\system\CodeIgniter.php(333): CodeIgniter\CodeIgniter->handleRequest(NULL, Object(Config\Cache), false)
#10 C:\xampp\htdocs\independiente\gameshops4\index.php(44): CodeIgniter\CodeIgniter->run()
#11 {main}
CRITICAL - 2022-04-25 10:30:18 --> Call to a member function getExtension() on null
#0 C:\xampp\htdocs\independiente\gameshops4\app\Controllers\Plataforma.php(152): App\Controllers\Plataforma->subirArchivo(2, NULL)
#1 C:\xampp\htdocs\independiente\gameshops4\system\CodeIgniter.php(936): App\Controllers\Plataforma->guardar()
#2 C:\xampp\htdocs\independiente\gameshops4\system\CodeIgniter.php(432): CodeIgniter\CodeIgniter->runController(Object(App\Controllers\Plataforma))
#3 C:\xampp\htdocs\independiente\gameshops4\system\CodeIgniter.php(333): CodeIgniter\CodeIgniter->handleRequest(NULL, Object(Config\Cache), false)
#4 C:\xampp\htdocs\independiente\gameshops4\index.php(44): CodeIgniter\CodeIgniter->run()
#5 {main}
CRITICAL - 2022-04-25 10:32:30 --> There is no data to insert.
#0 C:\xampp\htdocs\independiente\gameshops4\system\BaseModel.php(735): CodeIgniter\Database\Exceptions\DataException::forEmptyDataset('insert')
#1 C:\xampp\htdocs\independiente\gameshops4\system\Model.php(705): CodeIgniter\BaseModel->insert(Array, true)
#2 C:\xampp\htdocs\independiente\gameshops4\app\Controllers\Plataforma.php(141): CodeIgniter\Model->insert(Array)
#3 C:\xampp\htdocs\independiente\gameshops4\system\CodeIgniter.php(936): App\Controllers\Plataforma->guardar()
#4 C:\xampp\htdocs\independiente\gameshops4\system\CodeIgniter.php(432): CodeIgniter\CodeIgniter->runController(Object(App\Controllers\Plataforma))
#5 C:\xampp\htdocs\independiente\gameshops4\system\CodeIgniter.php(333): CodeIgniter\CodeIgniter->handleRequest(NULL, Object(Config\Cache), false)
#6 C:\xampp\htdocs\independiente\gameshops4\index.php(44): CodeIgniter\CodeIgniter->run()
#7 {main}
ERROR - 2022-04-25 10:33:30 --> mysqli_sql_exception: Column 'NombrePlataforma' cannot be null in C:\xampp\htdocs\independiente\gameshops4\system\Database\MySQLi\Connection.php:314
Stack trace:
#0 C:\xampp\htdocs\independiente\gameshops4\system\Database\MySQLi\Connection.php(314): mysqli->query('INSERT INTO `pl...')
#1 C:\xampp\htdocs\independiente\gameshops4\system\Database\BaseConnection.php(713): CodeIgniter\Database\MySQLi\Connection->execute('INSERT INTO `pl...')
#2 C:\xampp\htdocs\independiente\gameshops4\system\Database\BaseConnection.php(641): CodeIgniter\Database\BaseConnection->simpleQuery('INSERT INTO `pl...')
#3 C:\xampp\htdocs\independiente\gameshops4\system\Database\BaseBuilder.php(2263): CodeIgniter\Database\BaseConnection->query('INSERT INTO `pl...', Array, false)
#4 C:\xampp\htdocs\independiente\gameshops4\system\Model.php(278): CodeIgniter\Database\BaseBuilder->insert()
#5 C:\xampp\htdocs\independiente\gameshops4\system\BaseModel.php(758): CodeIgniter\Model->doInsert(Array)
#6 C:\xampp\htdocs\independiente\gameshops4\system\Model.php(705): CodeIgniter\BaseModel->insert(Array, true)
#7 C:\xampp\htdocs\independiente\gameshops4\app\Controllers\Plataforma.php(141): CodeIgniter\Model->insert(Array)
#8 C:\xampp\htdocs\independiente\gameshops4\system\CodeIgniter.php(936): App\Controllers\Plataforma->guardar()
#9 C:\xampp\htdocs\independiente\gameshops4\system\CodeIgniter.php(432): CodeIgniter\CodeIgniter->runController(Object(App\Controllers\Plataforma))
#10 C:\xampp\htdocs\independiente\gameshops4\system\CodeIgniter.php(333): CodeIgniter\CodeIgniter->handleRequest(NULL, Object(Config\Cache), false)
#11 C:\xampp\htdocs\independiente\gameshops4\index.php(44): CodeIgniter\CodeIgniter->run()
#12 {main}
ERROR - 2022-04-25 10:34:45 --> mysqli_sql_exception: Column 'NombrePlataforma' cannot be null in C:\xampp\htdocs\independiente\gameshops4\system\Database\MySQLi\Connection.php:314
Stack trace:
#0 C:\xampp\htdocs\independiente\gameshops4\system\Database\MySQLi\Connection.php(314): mysqli->query('INSERT INTO `pl...')
#1 C:\xampp\htdocs\independiente\gameshops4\system\Database\BaseConnection.php(713): CodeIgniter\Database\MySQLi\Connection->execute('INSERT INTO `pl...')
#2 C:\xampp\htdocs\independiente\gameshops4\system\Database\BaseConnection.php(641): CodeIgniter\Database\BaseConnection->simpleQuery('INSERT INTO `pl...')
#3 C:\xampp\htdocs\independiente\gameshops4\system\Database\BaseBuilder.php(2263): CodeIgniter\Database\BaseConnection->query('INSERT INTO `pl...', Array, false)
#4 C:\xampp\htdocs\independiente\gameshops4\system\Model.php(278): CodeIgniter\Database\BaseBuilder->insert()
#5 C:\xampp\htdocs\independiente\gameshops4\system\BaseModel.php(758): CodeIgniter\Model->doInsert(Array)
#6 C:\xampp\htdocs\independiente\gameshops4\system\Model.php(705): CodeIgniter\BaseModel->insert(Array, true)
#7 C:\xampp\htdocs\independiente\gameshops4\app\Controllers\Plataforma.php(141): CodeIgniter\Model->insert(Array)
#8 C:\xampp\htdocs\independiente\gameshops4\system\CodeIgniter.php(936): App\Controllers\Plataforma->guardar()
#9 C:\xampp\htdocs\independiente\gameshops4\system\CodeIgniter.php(432): CodeIgniter\CodeIgniter->runController(Object(App\Controllers\Plataforma))
#10 C:\xampp\htdocs\independiente\gameshops4\system\CodeIgniter.php(333): CodeIgniter\CodeIgniter->handleRequest(NULL, Object(Config\Cache), false)
#11 C:\xampp\htdocs\independiente\gameshops4\index.php(44): CodeIgniter\CodeIgniter->run()
#12 {main}
CRITICAL - 2022-04-25 11:08:17 --> syntax error, unexpected '==' (T_IS_EQUAL)
#0 C:\xampp\htdocs\independiente\gameshops4\system\View\View.php(222): CodeIgniter\View\View->CodeIgniter\View\{closure}()
#1 C:\xampp\htdocs\independiente\gameshops4\system\Common.php(1217): CodeIgniter\View\View->render('administracion/...', Array, true)
#2 C:\xampp\htdocs\independiente\gameshops4\app\Controllers\Plataforma.php(156): view('administracion/...', Array)
#3 C:\xampp\htdocs\independiente\gameshops4\system\CodeIgniter.php(936): App\Controllers\Plataforma->editar()
#4 C:\xampp\htdocs\independiente\gameshops4\system\CodeIgniter.php(432): CodeIgniter\CodeIgniter->runController(Object(App\Controllers\Plataforma))
#5 C:\xampp\htdocs\independiente\gameshops4\system\CodeIgniter.php(333): CodeIgniter\CodeIgniter->handleRequest(NULL, Object(Config\Cache), false)
#6 C:\xampp\htdocs\independiente\gameshops4\index.php(44): CodeIgniter\CodeIgniter->run()
#7 {main}
CRITICAL - 2022-04-25 15:12:02 --> syntax error, unexpected '}'
#0 C:\xampp\htdocs\independiente\gameshops4\system\Router\Router.php(170): CodeIgniter\Router\Router->autoRoute('tipo')
#1 C:\xampp\htdocs\independiente\gameshops4\system\CodeIgniter.php(816): CodeIgniter\Router\Router->handle('tipo')
#2 C:\xampp\htdocs\independiente\gameshops4\system\CodeIgniter.php(385): CodeIgniter\CodeIgniter->tryToRouteIt(Object(CodeIgniter\Router\RouteCollection))
#3 C:\xampp\htdocs\independiente\gameshops4\system\CodeIgniter.php(333): CodeIgniter\CodeIgniter->handleRequest(NULL, Object(Config\Cache), false)
#4 C:\xampp\htdocs\independiente\gameshops4\index.php(44): CodeIgniter\CodeIgniter->run()
#5 {main}
ERROR - 2022-04-25 15:12:26 --> mysqli_sql_exception: Duplicate entry '2' for key 'PRIMARY' in C:\xampp\htdocs\independiente\gameshops4\system\Database\MySQLi\Connection.php:314
Stack trace:
#0 C:\xampp\htdocs\independiente\gameshops4\system\Database\MySQLi\Connection.php(314): mysqli->query('INSERT INTO `ti...')
#1 C:\xampp\htdocs\independiente\gameshops4\system\Database\BaseConnection.php(713): CodeIgniter\Database\MySQLi\Connection->execute('INSERT INTO `ti...')
#2 C:\xampp\htdocs\independiente\gameshops4\system\Database\BaseConnection.php(641): CodeIgniter\Database\BaseConnection->simpleQuery('INSERT INTO `ti...')
#3 C:\xampp\htdocs\independiente\gameshops4\system\Database\BaseBuilder.php(2263): CodeIgniter\Database\BaseConnection->query('INSERT INTO `ti...', Array, false)
#4 C:\xampp\htdocs\independiente\gameshops4\system\Model.php(278): CodeIgniter\Database\BaseBuilder->insert()
#5 C:\xampp\htdocs\independiente\gameshops4\system\BaseModel.php(758): CodeIgniter\Model->doInsert(Array)
#6 C:\xampp\htdocs\independiente\gameshops4\system\Model.php(705): CodeIgniter\BaseModel->insert(Array, true)
#7 C:\xampp\htdocs\independiente\gameshops4\app\Controllers\Tipo.php(136): CodeIgniter\Model->insert(Array)
#8 C:\xampp\htdocs\independiente\gameshops4\system\CodeIgniter.php(936): App\Controllers\Tipo->guardar()
#9 C:\xampp\htdocs\independiente\gameshops4\system\CodeIgniter.php(432): CodeIgniter\CodeIgniter->runController(Object(App\Controllers\Tipo))
#10 C:\xampp\htdocs\independiente\gameshops4\system\CodeIgniter.php(333): CodeIgniter\CodeIgniter->handleRequest(NULL, Object(Config\Cache), false)
#11 C:\xampp\htdocs\independiente\gameshops4\index.php(44): CodeIgniter\CodeIgniter->run()
#12 {main}
CRITICAL - 2022-04-25 15:26:29 --> Call to a member function orderBy() on null
#0 C:\xampp\htdocs\independiente\gameshops4\system\CodeIgniter.php(936): App\Controllers\Genero->listar()
#1 C:\xampp\htdocs\independiente\gameshops4\system\CodeIgniter.php(432): CodeIgniter\CodeIgniter->runController(Object(App\Controllers\Genero))
#2 C:\xampp\htdocs\independiente\gameshops4\system\CodeIgniter.php(333): CodeIgniter\CodeIgniter->handleRequest(NULL, Object(Config\Cache), false)
#3 C:\xampp\htdocs\independiente\gameshops4\index.php(44): CodeIgniter\CodeIgniter->run()
#4 {main}
ERROR - 2022-04-25 15:42:39 --> mysqli_sql_exception: Duplicate entry '1' for key 'PRIMARY' in C:\xampp\htdocs\independiente\gameshops4\system\Database\MySQLi\Connection.php:314
Stack trace:
#0 C:\xampp\htdocs\independiente\gameshops4\system\Database\MySQLi\Connection.php(314): mysqli->query('INSERT INTO `ge...')
#1 C:\xampp\htdocs\independiente\gameshops4\system\Database\BaseConnection.php(713): CodeIgniter\Database\MySQLi\Connection->execute('INSERT INTO `ge...')
#2 C:\xampp\htdocs\independiente\gameshops4\system\Database\BaseConnection.php(641): CodeIgniter\Database\BaseConnection->simpleQuery('INSERT INTO `ge...')
#3 C:\xampp\htdocs\independiente\gameshops4\system\Database\BaseBuilder.php(2263): CodeIgniter\Database\BaseConnection->query('INSERT INTO `ge...', Array, false)
#4 C:\xampp\htdocs\independiente\gameshops4\system\Model.php(278): CodeIgniter\Database\BaseBuilder->insert()
#5 C:\xampp\htdocs\independiente\gameshops4\system\BaseModel.php(758): CodeIgniter\Model->doInsert(Array)
#6 C:\xampp\htdocs\independiente\gameshops4\system\Model.php(705): CodeIgniter\BaseModel->insert(Array, true)
#7 C:\xampp\htdocs\independiente\gameshops4\app\Controllers\Genero.php(140): CodeIgniter\Model->insert(Array)
#8 C:\xampp\htdocs\independiente\gameshops4\system\CodeIgniter.php(936): App\Controllers\Genero->guardar()
#9 C:\xampp\htdocs\independiente\gameshops4\system\CodeIgniter.php(432): CodeIgniter\CodeIgniter->runController(Object(App\Controllers\Genero))
#10 C:\xampp\htdocs\independiente\gameshops4\system\CodeIgniter.php(333): CodeIgniter\CodeIgniter->handleRequest(NULL, Object(Config\Cache), false)
#11 C:\xampp\htdocs\independiente\gameshops4\index.php(44): CodeIgniter\CodeIgniter->run()
#12 {main}
CRITICAL - 2022-04-25 15:43:22 --> Call to a member function where() on null
#0 C:\xampp\htdocs\independiente\gameshops4\system\CodeIgniter.php(936): App\Controllers\Genero->editar()
#1 C:\xampp\htdocs\independiente\gameshops4\system\CodeIgniter.php(432): CodeIgniter\CodeIgniter->runController(Object(App\Controllers\Genero))
#2 C:\xampp\htdocs\independiente\gameshops4\system\CodeIgniter.php(333): CodeIgniter\CodeIgniter->handleRequest(NULL, Object(Config\Cache), false)
#3 C:\xampp\htdocs\independiente\gameshops4\index.php(44): CodeIgniter\CodeIgniter->run()
#4 {main}
ERROR - 2022-04-25 16:20:59 --> mysqli_sql_exception: Unknown column 'CodigoPublicidad' in 'order clause' in C:\xampp\htdocs\independiente\gameshops4\system\Database\MySQLi\Connection.php:314
Stack trace:
#0 C:\xampp\htdocs\independiente\gameshops4\system\Database\MySQLi\Connection.php(314): mysqli->query('SELECT *\nFROM `...')
#1 C:\xampp\htdocs\independiente\gameshops4\system\Database\BaseConnection.php(713): CodeIgniter\Database\MySQLi\Connection->execute('SELECT *\nFROM `...')
#2 C:\xampp\htdocs\independiente\gameshops4\system\Database\BaseConnection.php(641): CodeIgniter\Database\BaseConnection->simpleQuery('SELECT *\nFROM `...')
#3 C:\xampp\htdocs\independiente\gameshops4\system\Database\BaseBuilder.php(1866): CodeIgniter\Database\BaseConnection->query('SELECT *\nFROM `...', Array, false)
#4 C:\xampp\htdocs\independiente\gameshops4\system\Model.php(213): CodeIgniter\Database\BaseBuilder->get()
#5 C:\xampp\htdocs\independiente\gameshops4\system\BaseModel.php(583): CodeIgniter\Model->doFindAll(0, 0)
#6 C:\xampp\htdocs\independiente\gameshops4\app\Controllers\Producto.php(58): CodeIgniter\BaseModel->findAll()
#7 C:\xampp\htdocs\independiente\gameshops4\system\CodeIgniter.php(936): App\Controllers\Producto->listar()
#8 C:\xampp\htdocs\independiente\gameshops4\system\CodeIgniter.php(432): CodeIgniter\CodeIgniter->runController(Object(App\Controllers\Producto))
#9 C:\xampp\htdocs\independiente\gameshops4\system\CodeIgniter.php(333): CodeIgniter\CodeIgniter->handleRequest(NULL, Object(Config\Cache), false)
#10 C:\xampp\htdocs\independiente\gameshops4\index.php(44): CodeIgniter\CodeIgniter->run()
#11 {main}
ERROR - 2022-04-25 16:21:00 --> mysqli_sql_exception: Unknown column 'CodigoPublicidad' in 'order clause' in C:\xampp\htdocs\independiente\gameshops4\system\Database\MySQLi\Connection.php:314
Stack trace:
#0 C:\xampp\htdocs\independiente\gameshops4\system\Database\MySQLi\Connection.php(314): mysqli->query('SELECT *\nFROM `...')
#1 C:\xampp\htdocs\independiente\gameshops4\system\Database\BaseConnection.php(713): CodeIgniter\Database\MySQLi\Connection->execute('SELECT *\nFROM `...')
#2 C:\xampp\htdocs\independiente\gameshops4\system\Database\BaseConnection.php(641): CodeIgniter\Database\BaseConnection->simpleQuery('SELECT *\nFROM `...')
#3 C:\xampp\htdocs\independiente\gameshops4\system\Database\BaseBuilder.php(1866): CodeIgniter\Database\BaseConnection->query('SELECT *\nFROM `...', Array, false)
#4 C:\xampp\htdocs\independiente\gameshops4\system\Model.php(213): CodeIgniter\Database\BaseBuilder->get()
#5 C:\xampp\htdocs\independiente\gameshops4\system\BaseModel.php(583): CodeIgniter\Model->doFindAll(0, 0)
#6 C:\xampp\htdocs\independiente\gameshops4\app\Controllers\Producto.php(58): CodeIgniter\BaseModel->findAll()
#7 C:\xampp\htdocs\independiente\gameshops4\system\CodeIgniter.php(936): App\Controllers\Producto->listar()
#8 C:\xampp\htdocs\independiente\gameshops4\system\CodeIgniter.php(432): CodeIgniter\CodeIgniter->runController(Object(App\Controllers\Producto))
#9 C:\xampp\htdocs\independiente\gameshops4\system\CodeIgniter.php(333): CodeIgniter\CodeIgniter->handleRequest(NULL, Object(Config\Cache), false)
#10 C:\xampp\htdocs\independiente\gameshops4\index.php(44): CodeIgniter\CodeIgniter->run()
#11 {main}
ERROR - 2022-04-25 16:21:00 --> mysqli_sql_exception: Unknown column 'CodigoPublicidad' in 'order clause' in C:\xampp\htdocs\independiente\gameshops4\system\Database\MySQLi\Connection.php:314
Stack trace:
#0 C:\xampp\htdocs\independiente\gameshops4\system\Database\MySQLi\Connection.php(314): mysqli->query('SELECT *\nFROM `...')
#1 C:\xampp\htdocs\independiente\gameshops4\system\Database\BaseConnection.php(713): CodeIgniter\Database\MySQLi\Connection->execute('SELECT *\nFROM `...')
#2 C:\xampp\htdocs\independiente\gameshops4\system\Database\BaseConnection.php(641): CodeIgniter\Database\BaseConnection->simpleQuery('SELECT *\nFROM `...')
#3 C:\xampp\htdocs\independiente\gameshops4\system\Database\BaseBuilder.php(1866): CodeIgniter\Database\BaseConnection->query('SELECT *\nFROM `...', Array, false)
#4 C:\xampp\htdocs\independiente\gameshops4\system\Model.php(213): CodeIgniter\Database\BaseBuilder->get()
#5 C:\xampp\htdocs\independiente\gameshops4\system\BaseModel.php(583): CodeIgniter\Model->doFindAll(0, 0)
#6 C:\xampp\htdocs\independiente\gameshops4\app\Controllers\Producto.php(58): CodeIgniter\BaseModel->findAll()
#7 C:\xampp\htdocs\independiente\gameshops4\system\CodeIgniter.php(936): App\Controllers\Producto->listar()
#8 C:\xampp\htdocs\independiente\gameshops4\system\CodeIgniter.php(432): CodeIgniter\CodeIgniter->runController(Object(App\Controllers\Producto))
#9 C:\xampp\htdocs\independiente\gameshops4\system\CodeIgniter.php(333): CodeIgniter\CodeIgniter->handleRequest(NULL, Object(Config\Cache), false)
#10 C:\xampp\htdocs\independiente\gameshops4\index.php(44): CodeIgniter\CodeIgniter->run()
#11 {main}
ERROR - 2022-04-25 16:21:01 --> mysqli_sql_exception: Unknown column 'CodigoPublicidad' in 'order clause' in C:\xampp\htdocs\independiente\gameshops4\system\Database\MySQLi\Connection.php:314
Stack trace:
#0 C:\xampp\htdocs\independiente\gameshops4\system\Database\MySQLi\Connection.php(314): mysqli->query('SELECT *\nFROM `...')
#1 C:\xampp\htdocs\independiente\gameshops4\system\Database\BaseConnection.php(713): CodeIgniter\Database\MySQLi\Connection->execute('SELECT *\nFROM `...')
#2 C:\xampp\htdocs\independiente\gameshops4\system\Database\BaseConnection.php(641): CodeIgniter\Database\BaseConnection->simpleQuery('SELECT *\nFROM `...')
#3 C:\xampp\htdocs\independiente\gameshops4\system\Database\BaseBuilder.php(1866): CodeIgniter\Database\BaseConnection->query('SELECT *\nFROM `...', Array, false)
#4 C:\xampp\htdocs\independiente\gameshops4\system\Model.php(213): CodeIgniter\Database\BaseBuilder->get()
#5 C:\xampp\htdocs\independiente\gameshops4\system\BaseModel.php(583): CodeIgniter\Model->doFindAll(0, 0)
#6 C:\xampp\htdocs\independiente\gameshops4\app\Controllers\Producto.php(58): CodeIgniter\BaseModel->findAll()
#7 C:\xampp\htdocs\independiente\gameshops4\system\CodeIgniter.php(936): App\Controllers\Producto->listar()
#8 C:\xampp\htdocs\independiente\gameshops4\system\CodeIgniter.php(432): CodeIgniter\CodeIgniter->runController(Object(App\Controllers\Producto))
#9 C:\xampp\htdocs\independiente\gameshops4\system\CodeIgniter.php(333): CodeIgniter\CodeIgniter->handleRequest(NULL, Object(Config\Cache), false)
#10 C:\xampp\htdocs\independiente\gameshops4\index.php(44): CodeIgniter\CodeIgniter->run()
#11 {main}
ERROR - 2022-04-25 16:21:22 --> mysqli_sql_exception: Unknown column 'CodigoPublicidad' in 'order clause' in C:\xampp\htdocs\independiente\gameshops4\system\Database\MySQLi\Connection.php:314
Stack trace:
#0 C:\xampp\htdocs\independiente\gameshops4\system\Database\MySQLi\Connection.php(314): mysqli->query('SELECT *\nFROM `...')
#1 C:\xampp\htdocs\independiente\gameshops4\system\Database\BaseConnection.php(713): CodeIgniter\Database\MySQLi\Connection->execute('SELECT *\nFROM `...')
#2 C:\xampp\htdocs\independiente\gameshops4\system\Database\BaseConnection.php(641): CodeIgniter\Database\BaseConnection->simpleQuery('SELECT *\nFROM `...')
#3 C:\xampp\htdocs\independiente\gameshops4\system\Database\BaseBuilder.php(1866): CodeIgniter\Database\BaseConnection->query('SELECT *\nFROM `...', Array, false)
#4 C:\xampp\htdocs\independiente\gameshops4\system\Model.php(213): CodeIgniter\Database\BaseBuilder->get()
#5 C:\xampp\htdocs\independiente\gameshops4\system\BaseModel.php(583): CodeIgniter\Model->doFindAll(0, 0)
#6 C:\xampp\htdocs\independiente\gameshops4\app\Controllers\Producto.php(58): CodeIgniter\BaseModel->findAll()
#7 C:\xampp\htdocs\independiente\gameshops4\system\CodeIgniter.php(936): App\Controllers\Producto->listar()
#8 C:\xampp\htdocs\independiente\gameshops4\system\CodeIgniter.php(432): CodeIgniter\CodeIgniter->runController(Object(App\Controllers\Producto))
#9 C:\xampp\htdocs\independiente\gameshops4\system\CodeIgniter.php(333): CodeIgniter\CodeIgniter->handleRequest(NULL, Object(Config\Cache), false)
#10 C:\xampp\htdocs\independiente\gameshops4\index.php(44): CodeIgniter\CodeIgniter->run()
#11 {main}
ERROR - 2022-04-25 16:32:17 --> mysqli_sql_exception: Unknown column 'CodigoPublicidad' in 'order clause' in C:\xampp\htdocs\independiente\gameshops4\system\Database\MySQLi\Connection.php:314
Stack trace:
#0 C:\xampp\htdocs\independiente\gameshops4\system\Database\MySQLi\Connection.php(314): mysqli->query('SELECT *\nFROM `...')
#1 C:\xampp\htdocs\independiente\gameshops4\system\Database\BaseConnection.php(713): CodeIgniter\Database\MySQLi\Connection->execute('SELECT *\nFROM `...')
#2 C:\xampp\htdocs\independiente\gameshops4\system\Database\BaseConnection.php(641): CodeIgniter\Database\BaseConnection->simpleQuery('SELECT *\nFROM `...')
#3 C:\xampp\htdocs\independiente\gameshops4\system\Database\BaseBuilder.php(1866): CodeIgniter\Database\BaseConnection->query('SELECT *\nFROM `...', Array, false)
#4 C:\xampp\htdocs\independiente\gameshops4\system\Model.php(213): CodeIgniter\Database\BaseBuilder->get()
#5 C:\xampp\htdocs\independiente\gameshops4\system\BaseModel.php(583): CodeIgniter\Model->doFindAll(0, 0)
#6 C:\xampp\htdocs\independiente\gameshops4\app\Controllers\Producto.php(60): CodeIgniter\BaseModel->findAll()
#7 C:\xampp\htdocs\independiente\gameshops4\system\CodeIgniter.php(936): App\Controllers\Producto->listar()
#8 C:\xampp\htdocs\independiente\gameshops4\system\CodeIgniter.php(432): CodeIgniter\CodeIgniter->runController(Object(App\Controllers\Producto))
#9 C:\xampp\htdocs\independiente\gameshops4\system\CodeIgniter.php(333): CodeIgniter\CodeIgniter->handleRequest(NULL, Object(Config\Cache), false)
#10 C:\xampp\htdocs\independiente\gameshops4\index.php(44): CodeIgniter\CodeIgniter->run()
#11 {main}
ERROR - 2022-04-25 17:33:51 --> mysqli_sql_exception: Unknown column 'CodigoPublicidad' in 'order clause' in C:\xampp\htdocs\independiente\gameshops4\system\Database\MySQLi\Connection.php:314
Stack trace:
#0 C:\xampp\htdocs\independiente\gameshops4\system\Database\MySQLi\Connection.php(314): mysqli->query('SELECT *\nFROM `...')
#1 C:\xampp\htdocs\independiente\gameshops4\system\Database\BaseConnection.php(713): CodeIgniter\Database\MySQLi\Connection->execute('SELECT *\nFROM `...')
#2 C:\xampp\htdocs\independiente\gameshops4\system\Database\BaseConnection.php(641): CodeIgniter\Database\BaseConnection->simpleQuery('SELECT *\nFROM `...')
#3 C:\xampp\htdocs\independiente\gameshops4\system\Database\BaseBuilder.php(1866): CodeIgniter\Database\BaseConnection->query('SELECT *\nFROM `...', Array, false)
#4 C:\xampp\htdocs\independiente\gameshops4\system\Model.php(213): CodeIgniter\Database\BaseBuilder->get()
#5 C:\xampp\htdocs\independiente\gameshops4\system\BaseModel.php(583): CodeIgniter\Model->doFindAll(0, 0)
#6 C:\xampp\htdocs\independiente\gameshops4\app\Controllers\Producto.php(60): CodeIgniter\BaseModel->findAll()
#7 C:\xampp\htdocs\independiente\gameshops4\system\CodeIgniter.php(936): App\Controllers\Producto->listar()
#8 C:\xampp\htdocs\independiente\gameshops4\system\CodeIgniter.php(432): CodeIgniter\CodeIgniter->runController(Object(App\Controllers\Producto))
#9 C:\xampp\htdocs\independiente\gameshops4\system\CodeIgniter.php(333): CodeIgniter\CodeIgniter->handleRequest(NULL, Object(Config\Cache), false)
#10 C:\xampp\htdocs\independiente\gameshops4\index.php(44): CodeIgniter\CodeIgniter->run()
#11 {main}
CRITICAL - 2022-04-25 17:42:15 --> Invalid argument supplied for foreach()
#0 C:\xampp\htdocs\independiente\gameshops4\app\Views\administracion\producto\formulario.php(58): CodeIgniter\Debug\Exceptions->errorHandler(2, 'Invalid argumen...', 'C:\\xampp\\htdocs...', 58, Array)
#1 C:\xampp\htdocs\independiente\gameshops4\system\View\View.php(220): include('C:\\xampp\\htdocs...')
#2 C:\xampp\htdocs\independiente\gameshops4\system\View\View.php(222): CodeIgniter\View\View->CodeIgniter\View\{closure}()
#3 C:\xampp\htdocs\independiente\gameshops4\system\Common.php(1217): CodeIgniter\View\View->render('administracion/...', Array, true)
#4 C:\xampp\htdocs\independiente\gameshops4\app\Controllers\Producto.php(211): view('administracion/...', Array)
#5 C:\xampp\htdocs\independiente\gameshops4\system\CodeIgniter.php(936): App\Controllers\Producto->editar()
#6 C:\xampp\htdocs\independiente\gameshops4\system\CodeIgniter.php(432): CodeIgniter\CodeIgniter->runController(Object(App\Controllers\Producto))
#7 C:\xampp\htdocs\independiente\gameshops4\system\CodeIgniter.php(333): CodeIgniter\CodeIgniter->handleRequest(NULL, Object(Config\Cache), false)
#8 C:\xampp\htdocs\independiente\gameshops4\index.php(44): CodeIgniter\CodeIgniter->run()
#9 {main}
CRITICAL - 2022-04-25 18:03:40 --> Invalid argument supplied for foreach()
#0 C:\xampp\htdocs\independiente\gameshops4\app\Views\administracion\producto\formulario.php(61): CodeIgniter\Debug\Exceptions->errorHandler(2, 'Invalid argumen...', 'C:\\xampp\\htdocs...', 61, Array)
#1 C:\xampp\htdocs\independiente\gameshops4\system\View\View.php(220): include('C:\\xampp\\htdocs...')
#2 C:\xampp\htdocs\independiente\gameshops4\system\View\View.php(222): CodeIgniter\View\View->CodeIgniter\View\{closure}()
#3 C:\xampp\htdocs\independiente\gameshops4\system\Common.php(1217): CodeIgniter\View\View->render('administracion/...', Array, true)
#4 C:\xampp\htdocs\independiente\gameshops4\app\Controllers\Producto.php(248): view('administracion/...', Array)
#5 C:\xampp\htdocs\independiente\gameshops4\system\CodeIgniter.php(936): App\Controllers\Producto->generos('1')
#6 C:\xampp\htdocs\independiente\gameshops4\system\CodeIgniter.php(432): CodeIgniter\CodeIgniter->runController(Object(App\Controllers\Producto))
#7 C:\xampp\htdocs\independiente\gameshops4\system\CodeIgniter.php(333): CodeIgniter\CodeIgniter->handleRequest(NULL, Object(Config\Cache), false)
#8 C:\xampp\htdocs\independiente\gameshops4\index.php(44): CodeIgniter\CodeIgniter->run()
#9 {main}
ERROR - 2022-04-25 18:26:00 --> mysqli_sql_exception: Illegal parameter data types bigint and row for operation '=' in C:\xampp\htdocs\independiente\gameshops4\system\Database\MySQLi\Connection.php:314
Stack trace:
#0 C:\xampp\htdocs\independiente\gameshops4\system\Database\MySQLi\Connection.php(314): mysqli->query('SELECT *\nFROM `...')
#1 C:\xampp\htdocs\independiente\gameshops4\system\Database\BaseConnection.php(713): CodeIgniter\Database\MySQLi\Connection->execute('SELECT *\nFROM `...')
#2 C:\xampp\htdocs\independiente\gameshops4\system\Database\BaseConnection.php(641): CodeIgniter\Database\BaseConnection->simpleQuery('SELECT *\nFROM `...')
#3 C:\xampp\htdocs\independiente\gameshops4\system\Database\BaseBuilder.php(1866): CodeIgniter\Database\BaseConnection->query('SELECT *\nFROM `...', Array, false)
#4 C:\xampp\htdocs\independiente\gameshops4\system\Model.php(213): CodeIgniter\Database\BaseBuilder->get()
#5 C:\xampp\htdocs\independiente\gameshops4\system\BaseModel.php(583): CodeIgniter\Model->doFindAll(0, 0)
#6 C:\xampp\htdocs\independiente\gameshops4\app\Controllers\Producto.php(244): CodeIgniter\BaseModel->findAll()
#7 C:\xampp\htdocs\independiente\gameshops4\system\CodeIgniter.php(936): App\Controllers\Producto->generos(Array)
#8 C:\xampp\htdocs\independiente\gameshops4\system\CodeIgniter.php(432): CodeIgniter\CodeIgniter->runController(Object(App\Controllers\Producto))
#9 C:\xampp\htdocs\independiente\gameshops4\system\CodeIgniter.php(333): CodeIgniter\CodeIgniter->handleRequest(NULL, Object(Config\Cache), false)
#10 C:\xampp\htdocs\independiente\gameshops4\index.php(44): CodeIgniter\CodeIgniter->run()
#11 {main}
CRITICAL - 2022-04-25 18:26:31 --> Illegal string offset 'CodigoProducto'
#0 C:\xampp\htdocs\independiente\gameshops4\app\Views\administracion\producto\generos.php(9): CodeIgniter\Debug\Exceptions->errorHandler(2, 'Illegal string ...', 'C:\\xampp\\htdocs...', 9, Array)
#1 C:\xampp\htdocs\independiente\gameshops4\system\View\View.php(220): include('C:\\xampp\\htdocs...')
#2 C:\xampp\htdocs\independiente\gameshops4\system\View\View.php(222): CodeIgniter\View\View->CodeIgniter\View\{closure}()
#3 C:\xampp\htdocs\independiente\gameshops4\system\Common.php(1217): CodeIgniter\View\View->render('administracion/...', Array, true)
#4 C:\xampp\htdocs\independiente\gameshops4\app\Controllers\Producto.php(250): view('administracion/...', Array)
#5 C:\xampp\htdocs\independiente\gameshops4\system\CodeIgniter.php(936): App\Controllers\Producto->generos('1')
#6 C:\xampp\htdocs\independiente\gameshops4\system\CodeIgniter.php(432): CodeIgniter\CodeIgniter->runController(Object(App\Controllers\Producto))
#7 C:\xampp\htdocs\independiente\gameshops4\system\CodeIgniter.php(333): CodeIgniter\CodeIgniter->handleRequest(NULL, Object(Config\Cache), false)
#8 C:\xampp\htdocs\independiente\gameshops4\index.php(44): CodeIgniter\CodeIgniter->run()
#9 {main}
ERROR - 2022-04-25 18:29:13 --> mysqli_sql_exception: Illegal parameter data types bigint and row for operation '=' in C:\xampp\htdocs\independiente\gameshops4\system\Database\MySQLi\Connection.php:314
Stack trace:
#0 C:\xampp\htdocs\independiente\gameshops4\system\Database\MySQLi\Connection.php(314): mysqli->query('SELECT *\nFROM `...')
#1 C:\xampp\htdocs\independiente\gameshops4\system\Database\BaseConnection.php(713): CodeIgniter\Database\MySQLi\Connection->execute('SELECT *\nFROM `...')
#2 C:\xampp\htdocs\independiente\gameshops4\system\Database\BaseConnection.php(641): CodeIgniter\Database\BaseConnection->simpleQuery('SELECT *\nFROM `...')
#3 C:\xampp\htdocs\independiente\gameshops4\system\Database\BaseBuilder.php(1866): CodeIgniter\Database\BaseConnection->query('SELECT *\nFROM `...', Array, false)
#4 C:\xampp\htdocs\independiente\gameshops4\system\Model.php(213): CodeIgniter\Database\BaseBuilder->get()
#5 C:\xampp\htdocs\independiente\gameshops4\system\BaseModel.php(583): CodeIgniter\Model->doFindAll(0, 0)
#6 C:\xampp\htdocs\independiente\gameshops4\app\Controllers\Producto.php(244): CodeIgniter\BaseModel->findAll()
#7 C:\xampp\htdocs\independiente\gameshops4\system\CodeIgniter.php(936): App\Controllers\Producto->generos(Array)
#8 C:\xampp\htdocs\independiente\gameshops4\system\CodeIgniter.php(432): CodeIgniter\CodeIgniter->runController(Object(App\Controllers\Producto))
#9 C:\xampp\htdocs\independiente\gameshops4\system\CodeIgniter.php(333): CodeIgniter\CodeIgniter->handleRequest(NULL, Object(Config\Cache), false)
#10 C:\xampp\htdocs\independiente\gameshops4\index.php(44): CodeIgniter\CodeIgniter->run()
#11 {main}
ERROR - 2022-04-25 18:29:13 --> mysqli_sql_exception: Illegal parameter data types bigint and row for operation '=' in C:\xampp\htdocs\independiente\gameshops4\system\Database\MySQLi\Connection.php:314
Stack trace:
#0 C:\xampp\htdocs\independiente\gameshops4\system\Database\MySQLi\Connection.php(314): mysqli->query('SELECT *\nFROM `...')
#1 C:\xampp\htdocs\independiente\gameshops4\system\Database\BaseConnection.php(713): CodeIgniter\Database\MySQLi\Connection->execute('SELECT *\nFROM `...')
#2 C:\xampp\htdocs\independiente\gameshops4\system\Database\BaseConnection.php(641): CodeIgniter\Database\BaseConnection->simpleQuery('SELECT *\nFROM `...')
#3 C:\xampp\htdocs\independiente\gameshops4\system\Database\BaseBuilder.php(1866): CodeIgniter\Database\BaseConnection->query('SELECT *\nFROM `...', Array, false)
#4 C:\xampp\htdocs\independiente\gameshops4\system\Model.php(213): CodeIgniter\Database\BaseBuilder->get()
#5 C:\xampp\htdocs\independiente\gameshops4\system\BaseModel.php(583): CodeIgniter\Model->doFindAll(0, 0)
#6 C:\xampp\htdocs\independiente\gameshops4\app\Controllers\Producto.php(244): CodeIgniter\BaseModel->findAll()
#7 C:\xampp\htdocs\independiente\gameshops4\system\CodeIgniter.php(936): App\Controllers\Producto->generos(Array)
#8 C:\xampp\htdocs\independiente\gameshops4\system\CodeIgniter.php(432): CodeIgniter\CodeIgniter->runController(Object(App\Controllers\Producto))
#9 C:\xampp\htdocs\independiente\gameshops4\system\CodeIgniter.php(333): CodeIgniter\CodeIgniter->handleRequest(NULL, Object(Config\Cache), false)
#10 C:\xampp\htdocs\independiente\gameshops4\index.php(44): CodeIgniter\CodeIgniter->run()
#11 {main}
ERROR - 2022-04-25 18:30:09 --> mysqli_sql_exception: Illegal parameter data types bigint and row for operation '=' in C:\xampp\htdocs\independiente\gameshops4\system\Database\MySQLi\Connection.php:314
Stack trace:
#0 C:\xampp\htdocs\independiente\gameshops4\system\Database\MySQLi\Connection.php(314): mysqli->query('SELECT *\nFROM `...')
#1 C:\xampp\htdocs\independiente\gameshops4\system\Database\BaseConnection.php(713): CodeIgniter\Database\MySQLi\Connection->execute('SELECT *\nFROM `...')
#2 C:\xampp\htdocs\independiente\gameshops4\system\Database\BaseConnection.php(641): CodeIgniter\Database\BaseConnection->simpleQuery('SELECT *\nFROM `...')
#3 C:\xampp\htdocs\independiente\gameshops4\system\Database\BaseBuilder.php(1866): CodeIgniter\Database\BaseConnection->query('SELECT *\nFROM `...', Array, false)
#4 C:\xampp\htdocs\independiente\gameshops4\system\Model.php(213): CodeIgniter\Database\BaseBuilder->get()
#5 C:\xampp\htdocs\independiente\gameshops4\system\BaseModel.php(583): CodeIgniter\Model->doFindAll(0, 0)
#6 C:\xampp\htdocs\independiente\gameshops4\app\Controllers\Producto.php(244): CodeIgniter\BaseModel->findAll()
#7 C:\xampp\htdocs\independiente\gameshops4\system\CodeIgniter.php(936): App\Controllers\Producto->generos(Array)
#8 C:\xampp\htdocs\independiente\gameshops4\system\CodeIgniter.php(432): CodeIgniter\CodeIgniter->runController(Object(App\Controllers\Producto))
#9 C:\xampp\htdocs\independiente\gameshops4\system\CodeIgniter.php(333): CodeIgniter\CodeIgniter->handleRequest(NULL, Object(Config\Cache), false)
#10 C:\xampp\htdocs\independiente\gameshops4\index.php(44): CodeIgniter\CodeIgniter->run()
#11 {main}
ERROR - 2022-04-25 18:30:18 --> mysqli_sql_exception: Illegal parameter data types bigint and row for operation '=' in C:\xampp\htdocs\independiente\gameshops4\system\Database\MySQLi\Connection.php:314
Stack trace:
#0 C:\xampp\htdocs\independiente\gameshops4\system\Database\MySQLi\Connection.php(314): mysqli->query('SELECT *\nFROM `...')
#1 C:\xampp\htdocs\independiente\gameshops4\system\Database\BaseConnection.php(713): CodeIgniter\Database\MySQLi\Connection->execute('SELECT *\nFROM `...')
#2 C:\xampp\htdocs\independiente\gameshops4\system\Database\BaseConnection.php(641): CodeIgniter\Database\BaseConnection->simpleQuery('SELECT *\nFROM `...')
#3 C:\xampp\htdocs\independiente\gameshops4\system\Database\BaseBuilder.php(1866): CodeIgniter\Database\BaseConnection->query('SELECT *\nFROM `...', Array, false)
#4 C:\xampp\htdocs\independiente\gameshops4\system\Model.php(213): CodeIgniter\Database\BaseBuilder->get()
#5 C:\xampp\htdocs\independiente\gameshops4\system\BaseModel.php(583): CodeIgniter\Model->doFindAll(0, 0)
#6 C:\xampp\htdocs\independiente\gameshops4\app\Controllers\Producto.php(244): CodeIgniter\BaseModel->findAll()
#7 C:\xampp\htdocs\independiente\gameshops4\system\CodeIgniter.php(936): App\Controllers\Producto->generos(Array)
#8 C:\xampp\htdocs\independiente\gameshops4\system\CodeIgniter.php(432): CodeIgniter\CodeIgniter->runController(Object(App\Controllers\Producto))
#9 C:\xampp\htdocs\independiente\gameshops4\system\CodeIgniter.php(333): CodeIgniter\CodeIgniter->handleRequest(NULL, Object(Config\Cache), false)
#10 C:\xampp\htdocs\independiente\gameshops4\index.php(44): CodeIgniter\CodeIgniter->run()
#11 {main}
ERROR - 2022-04-25 18:30:58 --> mysqli_sql_exception: Illegal parameter data types bigint and row for operation '=' in C:\xampp\htdocs\independiente\gameshops4\system\Database\MySQLi\Connection.php:314
Stack trace:
#0 C:\xampp\htdocs\independiente\gameshops4\system\Database\MySQLi\Connection.php(314): mysqli->query('SELECT *\nFROM `...')
#1 C:\xampp\htdocs\independiente\gameshops4\system\Database\BaseConnection.php(713): CodeIgniter\Database\MySQLi\Connection->execute('SELECT *\nFROM `...')
#2 C:\xampp\htdocs\independiente\gameshops4\system\Database\BaseConnection.php(641): CodeIgniter\Database\BaseConnection->simpleQuery('SELECT *\nFROM `...')
#3 C:\xampp\htdocs\independiente\gameshops4\system\Database\BaseBuilder.php(1866): CodeIgniter\Database\BaseConnection->query('SELECT *\nFROM `...', Array, false)
#4 C:\xampp\htdocs\independiente\gameshops4\system\Model.php(213): CodeIgniter\Database\BaseBuilder->get()
#5 C:\xampp\htdocs\independiente\gameshops4\system\BaseModel.php(583): CodeIgniter\Model->doFindAll(0, 0)
#6 C:\xampp\htdocs\independiente\gameshops4\app\Controllers\Producto.php(244): CodeIgniter\BaseModel->findAll()
#7 C:\xampp\htdocs\independiente\gameshops4\system\CodeIgniter.php(936): App\Controllers\Producto->generos(Array)
#8 C:\xampp\htdocs\independiente\gameshops4\system\CodeIgniter.php(432): CodeIgniter\CodeIgniter->runController(Object(App\Controllers\Producto))
#9 C:\xampp\htdocs\independiente\gameshops4\system\CodeIgniter.php(333): CodeIgniter\CodeIgniter->handleRequest(NULL, Object(Config\Cache), false)
#10 C:\xampp\htdocs\independiente\gameshops4\index.php(44): CodeIgniter\CodeIgniter->run()
#11 {main}
ERROR - 2022-04-25 18:31:05 --> mysqli_sql_exception: Illegal parameter data types bigint and row for operation '=' in C:\xampp\htdocs\independiente\gameshops4\system\Database\MySQLi\Connection.php:314
Stack trace:
#0 C:\xampp\htdocs\independiente\gameshops4\system\Database\MySQLi\Connection.php(314): mysqli->query('SELECT *\nFROM `...')
#1 C:\xampp\htdocs\independiente\gameshops4\system\Database\BaseConnection.php(713): CodeIgniter\Database\MySQLi\Connection->execute('SELECT *\nFROM `...')
#2 C:\xampp\htdocs\independiente\gameshops4\system\Database\BaseConnection.php(641): CodeIgniter\Database\BaseConnection->simpleQuery('SELECT *\nFROM `...')
#3 C:\xampp\htdocs\independiente\gameshops4\system\Database\BaseBuilder.php(1866): CodeIgniter\Database\BaseConnection->query('SELECT *\nFROM `...', Array, false)
#4 C:\xampp\htdocs\independiente\gameshops4\system\Model.php(213): CodeIgniter\Database\BaseBuilder->get()
#5 C:\xampp\htdocs\independiente\gameshops4\system\BaseModel.php(583): CodeIgniter\Model->doFindAll(0, 0)
#6 C:\xampp\htdocs\independiente\gameshops4\app\Controllers\Producto.php(244): CodeIgniter\BaseModel->findAll()
#7 C:\xampp\htdocs\independiente\gameshops4\system\CodeIgniter.php(936): App\Controllers\Producto->generos(Array)
#8 C:\xampp\htdocs\independiente\gameshops4\system\CodeIgniter.php(432): CodeIgniter\CodeIgniter->runController(Object(App\Controllers\Producto))
#9 C:\xampp\htdocs\independiente\gameshops4\system\CodeIgniter.php(333): CodeIgniter\CodeIgniter->handleRequest(NULL, Object(Config\Cache), false)
#10 C:\xampp\htdocs\independiente\gameshops4\index.php(44): CodeIgniter\CodeIgniter->run()
#11 {main}
ERROR - 2022-04-25 18:31:21 --> mysqli_sql_exception: Illegal parameter data types bigint and row for operation '=' in C:\xampp\htdocs\independiente\gameshops4\system\Database\MySQLi\Connection.php:314
Stack trace:
#0 C:\xampp\htdocs\independiente\gameshops4\system\Database\MySQLi\Connection.php(314): mysqli->query('SELECT *\nFROM `...')
#1 C:\xampp\htdocs\independiente\gameshops4\system\Database\BaseConnection.php(713): CodeIgniter\Database\MySQLi\Connection->execute('SELECT *\nFROM `...')
#2 C:\xampp\htdocs\independiente\gameshops4\system\Database\BaseConnection.php(641): CodeIgniter\Database\BaseConnection->simpleQuery('SELECT *\nFROM `...')
#3 C:\xampp\htdocs\independiente\gameshops4\system\Database\BaseBuilder.php(1866): CodeIgniter\Database\BaseConnection->query('SELECT *\nFROM `...', Array, false)
#4 C:\xampp\htdocs\independiente\gameshops4\system\Model.php(213): CodeIgniter\Database\BaseBuilder->get()
#5 C:\xampp\htdocs\independiente\gameshops4\system\BaseModel.php(583): CodeIgniter\Model->doFindAll(0, 0)
#6 C:\xampp\htdocs\independiente\gameshops4\app\Controllers\Producto.php(244): CodeIgniter\BaseModel->findAll()
#7 C:\xampp\htdocs\independiente\gameshops4\system\CodeIgniter.php(936): App\Controllers\Producto->generos(Array)
#8 C:\xampp\htdocs\independiente\gameshops4\system\CodeIgniter.php(432): CodeIgniter\CodeIgniter->runController(Object(App\Controllers\Producto))
#9 C:\xampp\htdocs\independiente\gameshops4\system\CodeIgniter.php(333): CodeIgniter\CodeIgniter->handleRequest(NULL, Object(Config\Cache), false)
#10 C:\xampp\htdocs\independiente\gameshops4\index.php(44): CodeIgniter\CodeIgniter->run()
#11 {main}
ERROR - 2022-04-25 18:31:23 --> mysqli_sql_exception: Illegal parameter data types bigint and row for operation '=' in C:\xampp\htdocs\independiente\gameshops4\system\Database\MySQLi\Connection.php:314
Stack trace:
#0 C:\xampp\htdocs\independiente\gameshops4\system\Database\MySQLi\Connection.php(314): mysqli->query('SELECT *\nFROM `...')
#1 C:\xampp\htdocs\independiente\gameshops4\system\Database\BaseConnection.php(713): CodeIgniter\Database\MySQLi\Connection->execute('SELECT *\nFROM `...')
#2 C:\xampp\htdocs\independiente\gameshops4\system\Database\BaseConnection.php(641): CodeIgniter\Database\BaseConnection->simpleQuery('SELECT *\nFROM `...')
#3 C:\xampp\htdocs\independiente\gameshops4\system\Database\BaseBuilder.php(1866): CodeIgniter\Database\BaseConnection->query('SELECT *\nFROM `...', Array, false)
#4 C:\xampp\htdocs\independiente\gameshops4\system\Model.php(213): CodeIgniter\Database\BaseBuilder->get()
#5 C:\xampp\htdocs\independiente\gameshops4\system\BaseModel.php(583): CodeIgniter\Model->doFindAll(0, 0)
#6 C:\xampp\htdocs\independiente\gameshops4\app\Controllers\Producto.php(244): CodeIgniter\BaseModel->findAll()
#7 C:\xampp\htdocs\independiente\gameshops4\system\CodeIgniter.php(936): App\Controllers\Producto->generos(Array)
#8 C:\xampp\htdocs\independiente\gameshops4\system\CodeIgniter.php(432): CodeIgniter\CodeIgniter->runController(Object(App\Controllers\Producto))
#9 C:\xampp\htdocs\independiente\gameshops4\system\CodeIgniter.php(333): CodeIgniter\CodeIgniter->handleRequest(NULL, Object(Config\Cache), false)
#10 C:\xampp\htdocs\independiente\gameshops4\index.php(44): CodeIgniter\CodeIgniter->run()
#11 {main}
ERROR - 2022-04-25 18:32:23 --> mysqli_sql_exception: Illegal parameter data types bigint and row for operation '=' in C:\xampp\htdocs\independiente\gameshops4\system\Database\MySQLi\Connection.php:314
Stack trace:
#0 C:\xampp\htdocs\independiente\gameshops4\system\Database\MySQLi\Connection.php(314): mysqli->query('SELECT *\nFROM `...')
#1 C:\xampp\htdocs\independiente\gameshops4\system\Database\BaseConnection.php(713): CodeIgniter\Database\MySQLi\Connection->execute('SELECT *\nFROM `...')
#2 C:\xampp\htdocs\independiente\gameshops4\system\Database\BaseConnection.php(641): CodeIgniter\Database\BaseConnection->simpleQuery('SELECT *\nFROM `...')
#3 C:\xampp\htdocs\independiente\gameshops4\system\Database\BaseBuilder.php(1866): CodeIgniter\Database\BaseConnection->query('SELECT *\nFROM `...', Array, false)
#4 C:\xampp\htdocs\independiente\gameshops4\system\Model.php(213): CodeIgniter\Database\BaseBuilder->get()
#5 C:\xampp\htdocs\independiente\gameshops4\system\BaseModel.php(583): CodeIgniter\Model->doFindAll(0, 0)
#6 C:\xampp\htdocs\independiente\gameshops4\app\Controllers\Producto.php(244): CodeIgniter\BaseModel->findAll()
#7 C:\xampp\htdocs\independiente\gameshops4\system\CodeIgniter.php(936): App\Controllers\Producto->generos(Array)
#8 C:\xampp\htdocs\independiente\gameshops4\system\CodeIgniter.php(432): CodeIgniter\CodeIgniter->runController(Object(App\Controllers\Producto))
#9 C:\xampp\htdocs\independiente\gameshops4\system\CodeIgniter.php(333): CodeIgniter\CodeIgniter->handleRequest(NULL, Object(Config\Cache), false)
#10 C:\xampp\htdocs\independiente\gameshops4\index.php(44): CodeIgniter\CodeIgniter->run()
#11 {main}
ERROR - 2022-04-25 18:32:46 --> mysqli_sql_exception: Illegal parameter data types bigint and row for operation '=' in C:\xampp\htdocs\independiente\gameshops4\system\Database\MySQLi\Connection.php:314
Stack trace:
#0 C:\xampp\htdocs\independiente\gameshops4\system\Database\MySQLi\Connection.php(314): mysqli->query('SELECT *\nFROM `...')
#1 C:\xampp\htdocs\independiente\gameshops4\system\Database\BaseConnection.php(713): CodeIgniter\Database\MySQLi\Connection->execute('SELECT *\nFROM `...')
#2 C:\xampp\htdocs\independiente\gameshops4\system\Database\BaseConnection.php(641): CodeIgniter\Database\BaseConnection->simpleQuery('SELECT *\nFROM `...')
#3 C:\xampp\htdocs\independiente\gameshops4\system\Database\BaseBuilder.php(1866): CodeIgniter\Database\BaseConnection->query('SELECT *\nFROM `...', Array, false)
#4 C:\xampp\htdocs\independiente\gameshops4\system\Model.php(213): CodeIgniter\Database\BaseBuilder->get()
#5 C:\xampp\htdocs\independiente\gameshops4\system\BaseModel.php(583): CodeIgniter\Model->doFindAll(0, 0)
#6 C:\xampp\htdocs\independiente\gameshops4\app\Controllers\Producto.php(244): CodeIgniter\BaseModel->findAll()
#7 C:\xampp\htdocs\independiente\gameshops4\system\CodeIgniter.php(936): App\Controllers\Producto->generos(Array)
#8 C:\xampp\htdocs\independiente\gameshops4\system\CodeIgniter.php(432): CodeIgniter\CodeIgniter->runController(Object(App\Controllers\Producto))
#9 C:\xampp\htdocs\independiente\gameshops4\system\CodeIgniter.php(333): CodeIgniter\CodeIgniter->handleRequest(NULL, Object(Config\Cache), false)
#10 C:\xampp\htdocs\independiente\gameshops4\index.php(44): CodeIgniter\CodeIgniter->run()
#11 {main}
ERROR - 2022-04-25 18:32:51 --> mysqli_sql_exception: Illegal parameter data types bigint and row for operation '=' in C:\xampp\htdocs\independiente\gameshops4\system\Database\MySQLi\Connection.php:314
Stack trace:
#0 C:\xampp\htdocs\independiente\gameshops4\system\Database\MySQLi\Connection.php(314): mysqli->query('SELECT *\nFROM `...')
#1 C:\xampp\htdocs\independiente\gameshops4\system\Database\BaseConnection.php(713): CodeIgniter\Database\MySQLi\Connection->execute('SELECT *\nFROM `...')
#2 C:\xampp\htdocs\independiente\gameshops4\system\Database\BaseConnection.php(641): CodeIgniter\Database\BaseConnection->simpleQuery('SELECT *\nFROM `...')
#3 C:\xampp\htdocs\independiente\gameshops4\system\Database\BaseBuilder.php(1866): CodeIgniter\Database\BaseConnection->query('SELECT *\nFROM `...', Array, false)
#4 C:\xampp\htdocs\independiente\gameshops4\system\Model.php(213): CodeIgniter\Database\BaseBuilder->get()
#5 C:\xampp\htdocs\independiente\gameshops4\system\BaseModel.php(583): CodeIgniter\Model->doFindAll(0, 0)
#6 C:\xampp\htdocs\independiente\gameshops4\app\Controllers\Producto.php(244): CodeIgniter\BaseModel->findAll()
#7 C:\xampp\htdocs\independiente\gameshops4\system\CodeIgniter.php(936): App\Controllers\Producto->generos(Array)
#8 C:\xampp\htdocs\independiente\gameshops4\system\CodeIgniter.php(432): CodeIgniter\CodeIgniter->runController(Object(App\Controllers\Producto))
#9 C:\xampp\htdocs\independiente\gameshops4\system\CodeIgniter.php(333): CodeIgniter\CodeIgniter->handleRequest(NULL, Object(Config\Cache), false)
#10 C:\xampp\htdocs\independiente\gameshops4\index.php(44): CodeIgniter\CodeIgniter->run()
#11 {main}
CRITICAL - 2022-04-25 18:34:28 --> syntax error, unexpected '$plataforma' (T_VARIABLE), expecting ';' or ','
#0 C:\xampp\htdocs\independiente\gameshops4\system\View\View.php(222): CodeIgniter\View\View->CodeIgniter\View\{closure}()
#1 C:\xampp\htdocs\independiente\gameshops4\system\Common.php(1217): CodeIgniter\View\View->render('administracion/...', Array, true)
#2 C:\xampp\htdocs\independiente\gameshops4\app\Controllers\Producto.php(252): view('administracion/...', Array)
#3 C:\xampp\htdocs\independiente\gameshops4\system\CodeIgniter.php(936): App\Controllers\Producto->generos(Array)
#4 C:\xampp\htdocs\independiente\gameshops4\system\CodeIgniter.php(432): CodeIgniter\CodeIgniter->runController(Object(App\Controllers\Producto))
#5 C:\xampp\htdocs\independiente\gameshops4\system\CodeIgniter.php(333): CodeIgniter\CodeIgniter->handleRequest(NULL, Object(Config\Cache), false)
#6 C:\xampp\htdocs\independiente\gameshops4\index.php(44): CodeIgniter\CodeIgniter->run()
#7 {main}
CRITICAL - 2022-04-25 18:39:11 --> Illegal string offset 'CodigoProducto'
#0 C:\xampp\htdocs\independiente\gameshops4\app\Views\administracion\producto\generos.php(9): CodeIgniter\Debug\Exceptions->errorHandler(2, 'Illegal string ...', 'C:\\xampp\\htdocs...', 9, Array)
#1 C:\xampp\htdocs\independiente\gameshops4\system\View\View.php(220): include('C:\\xampp\\htdocs...')
#2 C:\xampp\htdocs\independiente\gameshops4\system\View\View.php(222): CodeIgniter\View\View->CodeIgniter\View\{closure}()
#3 C:\xampp\htdocs\independiente\gameshops4\system\Common.php(1217): CodeIgniter\View\View->render('administracion/...', Array, true)
#4 C:\xampp\htdocs\independiente\gameshops4\app\Controllers\Producto.php(304): view('administracion/...', Array)
#5 C:\xampp\htdocs\independiente\gameshops4\system\CodeIgniter.php(936): App\Controllers\Producto->asignar('1')
#6 C:\xampp\htdocs\independiente\gameshops4\system\CodeIgniter.php(432): CodeIgniter\CodeIgniter->runController(Object(App\Controllers\Producto))
#7 C:\xampp\htdocs\independiente\gameshops4\system\CodeIgniter.php(333): CodeIgniter\CodeIgniter->handleRequest(NULL, Object(Config\Cache), false)
#8 C:\xampp\htdocs\independiente\gameshops4\index.php(44): CodeIgniter\CodeIgniter->run()
#9 {main}
CRITICAL - 2022-04-25 18:39:46 --> Invalid argument supplied for foreach()
#0 C:\xampp\htdocs\independiente\gameshops4\app\Views\administracion\producto\asignar.php(61): CodeIgniter\Debug\Exceptions->errorHandler(2, 'Invalid argumen...', 'C:\\xampp\\htdocs...', 61, Array)
#1 C:\xampp\htdocs\independiente\gameshops4\system\View\View.php(220): include('C:\\xampp\\htdocs...')
#2 C:\xampp\htdocs\independiente\gameshops4\system\View\View.php(222): CodeIgniter\View\View->CodeIgniter\View\{closure}()
#3 C:\xampp\htdocs\independiente\gameshops4\system\Common.php(1217): CodeIgniter\View\View->render('administracion/...', Array, true)
#4 C:\xampp\htdocs\independiente\gameshops4\app\Controllers\Producto.php(304): view('administracion/...', Array)
#5 C:\xampp\htdocs\independiente\gameshops4\system\CodeIgniter.php(936): App\Controllers\Producto->asignar(Array)
#6 C:\xampp\htdocs\independiente\gameshops4\system\CodeIgniter.php(432): CodeIgniter\CodeIgniter->runController(Object(App\Controllers\Producto))
#7 C:\xampp\htdocs\independiente\gameshops4\system\CodeIgniter.php(333): CodeIgniter\CodeIgniter->handleRequest(NULL, Object(Config\Cache), false)
#8 C:\xampp\htdocs\independiente\gameshops4\index.php(44): CodeIgniter\CodeIgniter->run()
#9 {main}
CRITICAL - 2022-04-25 18:42:31 --> Call to a member function orderBy() on null
#0 C:\xampp\htdocs\independiente\gameshops4\system\CodeIgniter.php(936): App\Controllers\Producto->asignar(Array)
#1 C:\xampp\htdocs\independiente\gameshops4\system\CodeIgniter.php(432): CodeIgniter\CodeIgniter->runController(Object(App\Controllers\Producto))
#2 C:\xampp\htdocs\independiente\gameshops4\system\CodeIgniter.php(333): CodeIgniter\CodeIgniter->handleRequest(NULL, Object(Config\Cache), false)
#3 C:\xampp\htdocs\independiente\gameshops4\index.php(44): CodeIgniter\CodeIgniter->run()
#4 {main}
CRITICAL - 2022-04-25 18:52:17 --> Cannot redeclare App\Controllers\Producto::guardar()
#0 [internal function]: CodeIgniter\Debug\Exceptions->shutdownHandler()
#1 {main}
CRITICAL - 2022-04-25 18:52:19 --> Cannot redeclare App\Controllers\Producto::guardar()
#0 [internal function]: CodeIgniter\Debug\Exceptions->shutdownHandler()
#1 {main}
CRITICAL - 2022-04-25 18:59:58 --> Illegal string offset 'CodigoProducto'
#0 C:\xampp\htdocs\independiente\gameshops4\app\Controllers\Producto.php(267): CodeIgniter\Debug\Exceptions->errorHandler(2, 'Illegal string ...', 'C:\\xampp\\htdocs...', 267, Array)
#1 C:\xampp\htdocs\independiente\gameshops4\system\CodeIgniter.php(936): App\Controllers\Producto->listarGeneros('1')
#2 C:\xampp\htdocs\independiente\gameshops4\system\CodeIgniter.php(432): CodeIgniter\CodeIgniter->runController(Object(App\Controllers\Producto))
#3 C:\xampp\htdocs\independiente\gameshops4\system\CodeIgniter.php(333): CodeIgniter\CodeIgniter->handleRequest(NULL, Object(Config\Cache), false)
#4 C:\xampp\htdocs\independiente\gameshops4\index.php(44): CodeIgniter\CodeIgniter->run()
#5 {main}
CRITICAL - 2022-04-25 19:01:19 --> Illegal string offset 'CodigoProducto'
#0 C:\xampp\htdocs\independiente\gameshops4\app\Controllers\Producto.php(266): CodeIgniter\Debug\Exceptions->errorHandler(2, 'Illegal string ...', 'C:\\xampp\\htdocs...', 266, Array)
#1 C:\xampp\htdocs\independiente\gameshops4\system\CodeIgniter.php(936): App\Controllers\Producto->listarGeneros('1')
#2 C:\xampp\htdocs\independiente\gameshops4\system\CodeIgniter.php(432): CodeIgniter\CodeIgniter->runController(Object(App\Controllers\Producto))
#3 C:\xampp\htdocs\independiente\gameshops4\system\CodeIgniter.php(333): CodeIgniter\CodeIgniter->handleRequest(NULL, Object(Config\Cache), false)
#4 C:\xampp\htdocs\independiente\gameshops4\index.php(44): CodeIgniter\CodeIgniter->run()
#5 {main}
